!SESSION 2019-01-26 00:43:12.973 -----------------------------------------------
eclipse.buildId=unknown
java.version=1.8.0_191
java.vendor=Oracle Corporation
BootLoader constants: OS=win32, ARCH=x86, WS=win32, NL=en_US

!ENTRY org.openhab.binding.amazonechocontrol 4 0 2019-01-26 00:43:12.978
!MESSAGE FrameworkEvent ERROR
!STACK 0
org.osgi.framework.BundleException: Could not resolve module: org.openhab.binding.amazonechocontrol [223]
  Another singleton bundle selected: osgi.identity; type="osgi.bundle"; version:Version="2.5.0.Beta_01"; osgi.identity="org.openhab.binding.amazonechocontrol"; singleton:="true"

	at org.eclipse.osgi.container.Module.start(Module.java:444)
	at org.eclipse.osgi.container.ModuleContainer$ContainerStartLevel.incStartLevel(ModuleContainer.java:1634)
	at org.eclipse.osgi.container.ModuleContainer$ContainerStartLevel.incStartLevel(ModuleContainer.java:1614)
	at org.eclipse.osgi.container.ModuleContainer$ContainerStartLevel.doContainerStartLevel(ModuleContainer.java:1585)
	at org.eclipse.osgi.container.ModuleContainer$ContainerStartLevel.dispatchEvent(ModuleContainer.java:1528)
	at org.eclipse.osgi.container.ModuleContainer$ContainerStartLevel.dispatchEvent(ModuleContainer.java:1)
	at org.eclipse.osgi.framework.eventmgr.EventManager.dispatchEvent(EventManager.java:230)
	at org.eclipse.osgi.framework.eventmgr.EventManager$EventThread.run(EventManager.java:340)

!ENTRY org.eclipse.smarthome.io.rest.sse 4 0 2019-01-26 00:43:33.562
!MESSAGE FrameworkEvent ERROR
!STACK 0
org.osgi.framework.BundleException: Exception in org.eclipse.smarthome.io.rest.sse.internal.SseActivator.start() of bundle org.eclipse.smarthome.io.rest.sse.
	at org.eclipse.osgi.internal.framework.BundleContextImpl.startActivator(BundleContextImpl.java:800)
	at org.eclipse.osgi.internal.framework.BundleContextImpl.start(BundleContextImpl.java:729)
	at org.eclipse.osgi.internal.framework.EquinoxBundle.startWorker0(EquinoxBundle.java:933)
	at org.eclipse.osgi.internal.framework.EquinoxBundle$EquinoxModule.startWorker(EquinoxBundle.java:309)
	at org.eclipse.osgi.container.Module.doStart(Module.java:581)
	at org.eclipse.osgi.container.Module.start(Module.java:449)
	at org.eclipse.osgi.framework.util.SecureAction.start(SecureAction.java:468)
	at org.eclipse.osgi.container.ModuleContainer.start(ModuleContainer.java:750)
	at org.eclipse.osgi.container.ModuleContainer.applyDelta(ModuleContainer.java:741)
	at org.eclipse.osgi.container.ModuleContainer.resolveAndApply(ModuleContainer.java:511)
	at org.eclipse.osgi.container.ModuleContainer.resolve(ModuleContainer.java:457)
	at org.eclipse.osgi.container.ModuleContainer.refresh(ModuleContainer.java:1001)
	at org.eclipse.osgi.container.ModuleContainer$ContainerWiring.dispatchEvent(ModuleContainer.java:1382)
	at org.eclipse.osgi.container.ModuleContainer$ContainerWiring.dispatchEvent(ModuleContainer.java:1)
	at org.eclipse.osgi.framework.eventmgr.EventManager.dispatchEvent(EventManager.java:230)
	at org.eclipse.osgi.framework.eventmgr.EventManager$EventThread.run(EventManager.java:340)
Caused by: java.lang.LinkageError: ClassCastException: attempting to castbundleresource://33.fwk26700389/javax/ws/rs/ext/RuntimeDelegate.class to bundleresource://33.fwk26700389/javax/ws/rs/ext/RuntimeDelegate.class
	at javax.ws.rs.ext.RuntimeDelegate.findDelegate(RuntimeDelegate.java:146)
	at javax.ws.rs.ext.RuntimeDelegate.getInstance(RuntimeDelegate.java:120)
	at javax.ws.rs.core.MediaType.valueOf(MediaType.java:179)
	at org.glassfish.jersey.media.sse.SseFeature.<clinit>(SseFeature.java:62)
	at org.eclipse.smarthome.io.rest.sse.internal.SseActivator.start(SseActivator.java:49)
	at org.eclipse.osgi.internal.framework.BundleContextImpl$3.run(BundleContextImpl.java:779)
	at org.eclipse.osgi.internal.framework.BundleContextImpl$3.run(BundleContextImpl.java:1)
	at java.security.AccessController.doPrivileged(Native Method)
	at org.eclipse.osgi.internal.framework.BundleContextImpl.startActivator(BundleContextImpl.java:772)
	... 15 more
Root exception:
java.lang.LinkageError: ClassCastException: attempting to castbundleresource://33.fwk26700389/javax/ws/rs/ext/RuntimeDelegate.class to bundleresource://33.fwk26700389/javax/ws/rs/ext/RuntimeDelegate.class
	at javax.ws.rs.ext.RuntimeDelegate.findDelegate(RuntimeDelegate.java:146)
	at javax.ws.rs.ext.RuntimeDelegate.getInstance(RuntimeDelegate.java:120)
	at javax.ws.rs.core.MediaType.valueOf(MediaType.java:179)
	at org.glassfish.jersey.media.sse.SseFeature.<clinit>(SseFeature.java:62)
	at org.eclipse.smarthome.io.rest.sse.internal.SseActivator.start(SseActivator.java:49)
	at org.eclipse.osgi.internal.framework.BundleContextImpl$3.run(BundleContextImpl.java:779)
	at org.eclipse.osgi.internal.framework.BundleContextImpl$3.run(BundleContextImpl.java:1)
	at java.security.AccessController.doPrivileged(Native Method)
	at org.eclipse.osgi.internal.framework.BundleContextImpl.startActivator(BundleContextImpl.java:772)
	at org.eclipse.osgi.internal.framework.BundleContextImpl.start(BundleContextImpl.java:729)
	at org.eclipse.osgi.internal.framework.EquinoxBundle.startWorker0(EquinoxBundle.java:933)
	at org.eclipse.osgi.internal.framework.EquinoxBundle$EquinoxModule.startWorker(EquinoxBundle.java:309)
	at org.eclipse.osgi.container.Module.doStart(Module.java:581)
	at org.eclipse.osgi.container.Module.start(Module.java:449)
	at org.eclipse.osgi.framework.util.SecureAction.start(SecureAction.java:468)
	at org.eclipse.osgi.container.ModuleContainer.start(ModuleContainer.java:750)
	at org.eclipse.osgi.container.ModuleContainer.applyDelta(ModuleContainer.java:741)
	at org.eclipse.osgi.container.ModuleContainer.resolveAndApply(ModuleContainer.java:511)
	at org.eclipse.osgi.container.ModuleContainer.resolve(ModuleContainer.java:457)
	at org.eclipse.osgi.container.ModuleContainer.refresh(ModuleContainer.java:1001)
	at org.eclipse.osgi.container.ModuleContainer$ContainerWiring.dispatchEvent(ModuleContainer.java:1382)
	at org.eclipse.osgi.container.ModuleContainer$ContainerWiring.dispatchEvent(ModuleContainer.java:1)
	at org.eclipse.osgi.framework.eventmgr.EventManager.dispatchEvent(EventManager.java:230)
	at org.eclipse.osgi.framework.eventmgr.EventManager$EventThread.run(EventManager.java:340)

!ENTRY org.eclipse.smarthome.io.rest.sse 4 0 2019-01-26 00:43:43.189
!MESSAGE FrameworkEvent ERROR
!STACK 0
org.osgi.framework.BundleException: Exception in org.eclipse.smarthome.io.rest.sse.internal.SseActivator.start() of bundle org.eclipse.smarthome.io.rest.sse.
	at org.eclipse.osgi.internal.framework.BundleContextImpl.startActivator(BundleContextImpl.java:800)
	at org.eclipse.osgi.internal.framework.BundleContextImpl.start(BundleContextImpl.java:729)
	at org.eclipse.osgi.internal.framework.EquinoxBundle.startWorker0(EquinoxBundle.java:933)
	at org.eclipse.osgi.internal.framework.EquinoxBundle$EquinoxModule.startWorker(EquinoxBundle.java:309)
	at org.eclipse.osgi.container.Module.doStart(Module.java:581)
	at org.eclipse.osgi.container.Module.start(Module.java:449)
	at org.eclipse.osgi.framework.util.SecureAction.start(SecureAction.java:468)
	at org.eclipse.osgi.container.ModuleContainer.start(ModuleContainer.java:750)
	at org.eclipse.osgi.container.ModuleContainer.applyDelta(ModuleContainer.java:741)
	at org.eclipse.osgi.container.ModuleContainer.resolveAndApply(ModuleContainer.java:511)
	at org.eclipse.osgi.container.ModuleContainer.resolve(ModuleContainer.java:457)
	at org.eclipse.osgi.container.ModuleContainer.refresh(ModuleContainer.java:1001)
	at org.eclipse.osgi.container.ModuleContainer$ContainerWiring.dispatchEvent(ModuleContainer.java:1382)
	at org.eclipse.osgi.container.ModuleContainer$ContainerWiring.dispatchEvent(ModuleContainer.java:1)
	at org.eclipse.osgi.framework.eventmgr.EventManager.dispatchEvent(EventManager.java:230)
	at org.eclipse.osgi.framework.eventmgr.EventManager$EventThread.run(EventManager.java:340)
Caused by: java.lang.LinkageError: ClassCastException: attempting to castbundleresource://33.fwk26700389/javax/ws/rs/ext/RuntimeDelegate.class to bundleresource://33.fwk26700389/javax/ws/rs/ext/RuntimeDelegate.class
	at javax.ws.rs.ext.RuntimeDelegate.findDelegate(RuntimeDelegate.java:146)
	at javax.ws.rs.ext.RuntimeDelegate.getInstance(RuntimeDelegate.java:120)
	at javax.ws.rs.core.MediaType.valueOf(MediaType.java:179)
	at org.glassfish.jersey.media.sse.SseFeature.<clinit>(SseFeature.java:62)
	at org.eclipse.smarthome.io.rest.sse.internal.SseActivator.start(SseActivator.java:49)
	at org.eclipse.osgi.internal.framework.BundleContextImpl$3.run(BundleContextImpl.java:779)
	at org.eclipse.osgi.internal.framework.BundleContextImpl$3.run(BundleContextImpl.java:1)
	at java.security.AccessController.doPrivileged(Native Method)
	at org.eclipse.osgi.internal.framework.BundleContextImpl.startActivator(BundleContextImpl.java:772)
	... 15 more
Root exception:
java.lang.LinkageError: ClassCastException: attempting to castbundleresource://33.fwk26700389/javax/ws/rs/ext/RuntimeDelegate.class to bundleresource://33.fwk26700389/javax/ws/rs/ext/RuntimeDelegate.class
	at javax.ws.rs.ext.RuntimeDelegate.findDelegate(RuntimeDelegate.java:146)
	at javax.ws.rs.ext.RuntimeDelegate.getInstance(RuntimeDelegate.java:120)
	at javax.ws.rs.core.MediaType.valueOf(MediaType.java:179)
	at org.glassfish.jersey.media.sse.SseFeature.<clinit>(SseFeature.java:62)
	at org.eclipse.smarthome.io.rest.sse.internal.SseActivator.start(SseActivator.java:49)
	at org.eclipse.osgi.internal.framework.BundleContextImpl$3.run(BundleContextImpl.java:779)
	at org.eclipse.osgi.internal.framework.BundleContextImpl$3.run(BundleContextImpl.java:1)
	at java.security.AccessController.doPrivileged(Native Method)
	at org.eclipse.osgi.internal.framework.BundleContextImpl.startActivator(BundleContextImpl.java:772)
	at org.eclipse.osgi.internal.framework.BundleContextImpl.start(BundleContextImpl.java:729)
	at org.eclipse.osgi.internal.framework.EquinoxBundle.startWorker0(EquinoxBundle.java:933)
	at org.eclipse.osgi.internal.framework.EquinoxBundle$EquinoxModule.startWorker(EquinoxBundle.java:309)
	at org.eclipse.osgi.container.Module.doStart(Module.java:581)
	at org.eclipse.osgi.container.Module.start(Module.java:449)
	at org.eclipse.osgi.framework.util.SecureAction.start(SecureAction.java:468)
	at org.eclipse.osgi.container.ModuleContainer.start(ModuleContainer.java:750)
	at org.eclipse.osgi.container.ModuleContainer.applyDelta(ModuleContainer.java:741)
	at org.eclipse.osgi.container.ModuleContainer.resolveAndApply(ModuleContainer.java:511)
	at org.eclipse.osgi.container.ModuleContainer.resolve(ModuleContainer.java:457)
	at org.eclipse.osgi.container.ModuleContainer.refresh(ModuleContainer.java:1001)
	at org.eclipse.osgi.container.ModuleContainer$ContainerWiring.dispatchEvent(ModuleContainer.java:1382)
	at org.eclipse.osgi.container.ModuleContainer$ContainerWiring.dispatchEvent(ModuleContainer.java:1)
	at org.eclipse.osgi.framework.eventmgr.EventManager.dispatchEvent(EventManager.java:230)
	at org.eclipse.osgi.framework.eventmgr.EventManager$EventThread.run(EventManager.java:340)

!ENTRY org.eclipse.smarthome.io.rest.sse 4 0 2019-01-26 00:44:00.091
!MESSAGE FrameworkEvent ERROR
!STACK 0
org.osgi.framework.BundleException: Exception in org.eclipse.smarthome.io.rest.sse.internal.SseActivator.start() of bundle org.eclipse.smarthome.io.rest.sse.
	at org.eclipse.osgi.internal.framework.BundleContextImpl.startActivator(BundleContextImpl.java:800)
	at org.eclipse.osgi.internal.framework.BundleContextImpl.start(BundleContextImpl.java:729)
	at org.eclipse.osgi.internal.framework.EquinoxBundle.startWorker0(EquinoxBundle.java:933)
	at org.eclipse.osgi.internal.framework.EquinoxBundle$EquinoxModule.startWorker(EquinoxBundle.java:309)
	at org.eclipse.osgi.container.Module.doStart(Module.java:581)
	at org.eclipse.osgi.container.Module.start(Module.java:449)
	at org.eclipse.osgi.framework.util.SecureAction.start(SecureAction.java:468)
	at org.eclipse.osgi.container.ModuleContainer.start(ModuleContainer.java:750)
	at org.eclipse.osgi.container.ModuleContainer.applyDelta(ModuleContainer.java:741)
	at org.eclipse.osgi.container.ModuleContainer.resolveAndApply(ModuleContainer.java:511)
	at org.eclipse.osgi.container.ModuleContainer.resolve(ModuleContainer.java:457)
	at org.eclipse.osgi.container.ModuleContainer.refresh(ModuleContainer.java:1001)
	at org.eclipse.osgi.container.ModuleContainer$ContainerWiring.dispatchEvent(ModuleContainer.java:1382)
	at org.eclipse.osgi.container.ModuleContainer$ContainerWiring.dispatchEvent(ModuleContainer.java:1)
	at org.eclipse.osgi.framework.eventmgr.EventManager.dispatchEvent(EventManager.java:230)
	at org.eclipse.osgi.framework.eventmgr.EventManager$EventThread.run(EventManager.java:340)
Caused by: java.lang.LinkageError: ClassCastException: attempting to castbundleresource://33.fwk26700389/javax/ws/rs/ext/RuntimeDelegate.class to bundleresource://33.fwk26700389/javax/ws/rs/ext/RuntimeDelegate.class
	at javax.ws.rs.ext.RuntimeDelegate.findDelegate(RuntimeDelegate.java:146)
	at javax.ws.rs.ext.RuntimeDelegate.getInstance(RuntimeDelegate.java:120)
	at javax.ws.rs.core.MediaType.valueOf(MediaType.java:179)
	at org.glassfish.jersey.media.sse.SseFeature.<clinit>(SseFeature.java:62)
	at org.eclipse.smarthome.io.rest.sse.internal.SseActivator.start(SseActivator.java:49)
	at org.eclipse.osgi.internal.framework.BundleContextImpl$3.run(BundleContextImpl.java:779)
	at org.eclipse.osgi.internal.framework.BundleContextImpl$3.run(BundleContextImpl.java:1)
	at java.security.AccessController.doPrivileged(Native Method)
	at org.eclipse.osgi.internal.framework.BundleContextImpl.startActivator(BundleContextImpl.java:772)
	... 15 more
Root exception:
java.lang.LinkageError: ClassCastException: attempting to castbundleresource://33.fwk26700389/javax/ws/rs/ext/RuntimeDelegate.class to bundleresource://33.fwk26700389/javax/ws/rs/ext/RuntimeDelegate.class
	at javax.ws.rs.ext.RuntimeDelegate.findDelegate(RuntimeDelegate.java:146)
	at javax.ws.rs.ext.RuntimeDelegate.getInstance(RuntimeDelegate.java:120)
	at javax.ws.rs.core.MediaType.valueOf(MediaType.java:179)
	at org.glassfish.jersey.media.sse.SseFeature.<clinit>(SseFeature.java:62)
	at org.eclipse.smarthome.io.rest.sse.internal.SseActivator.start(SseActivator.java:49)
	at org.eclipse.osgi.internal.framework.BundleContextImpl$3.run(BundleContextImpl.java:779)
	at org.eclipse.osgi.internal.framework.BundleContextImpl$3.run(BundleContextImpl.java:1)
	at java.security.AccessController.doPrivileged(Native Method)
	at org.eclipse.osgi.internal.framework.BundleContextImpl.startActivator(BundleContextImpl.java:772)
	at org.eclipse.osgi.internal.framework.BundleContextImpl.start(BundleContextImpl.java:729)
	at org.eclipse.osgi.internal.framework.EquinoxBundle.startWorker0(EquinoxBundle.java:933)
	at org.eclipse.osgi.internal.framework.EquinoxBundle$EquinoxModule.startWorker(EquinoxBundle.java:309)
	at org.eclipse.osgi.container.Module.doStart(Module.java:581)
	at org.eclipse.osgi.container.Module.start(Module.java:449)
	at org.eclipse.osgi.framework.util.SecureAction.start(SecureAction.java:468)
	at org.eclipse.osgi.container.ModuleContainer.start(ModuleContainer.java:750)
	at org.eclipse.osgi.container.ModuleContainer.applyDelta(ModuleContainer.java:741)
	at org.eclipse.osgi.container.ModuleContainer.resolveAndApply(ModuleContainer.java:511)
	at org.eclipse.osgi.container.ModuleContainer.resolve(ModuleContainer.java:457)
	at org.eclipse.osgi.container.ModuleContainer.refresh(ModuleContainer.java:1001)
	at org.eclipse.osgi.container.ModuleContainer$ContainerWiring.dispatchEvent(ModuleContainer.java:1382)
	at org.eclipse.osgi.container.ModuleContainer$ContainerWiring.dispatchEvent(ModuleContainer.java:1)
	at org.eclipse.osgi.framework.eventmgr.EventManager.dispatchEvent(EventManager.java:230)
	at org.eclipse.osgi.framework.eventmgr.EventManager$EventThread.run(EventManager.java:340)

!ENTRY org.eclipse.smarthome.io.rest.sse 4 0 2019-01-26 00:44:58.385
!MESSAGE FrameworkEvent ERROR
!STACK 0
org.osgi.framework.BundleException: Exception in org.eclipse.smarthome.io.rest.sse.internal.SseActivator.start() of bundle org.eclipse.smarthome.io.rest.sse.
	at org.eclipse.osgi.internal.framework.BundleContextImpl.startActivator(BundleContextImpl.java:800)
	at org.eclipse.osgi.internal.framework.BundleContextImpl.start(BundleContextImpl.java:729)
	at org.eclipse.osgi.internal.framework.EquinoxBundle.startWorker0(EquinoxBundle.java:933)
	at org.eclipse.osgi.internal.framework.EquinoxBundle$EquinoxModule.startWorker(EquinoxBundle.java:309)
	at org.eclipse.osgi.container.Module.doStart(Module.java:581)
	at org.eclipse.osgi.container.Module.start(Module.java:449)
	at org.eclipse.osgi.framework.util.SecureAction.start(SecureAction.java:468)
	at org.eclipse.osgi.container.ModuleContainer.start(ModuleContainer.java:750)
	at org.eclipse.osgi.container.ModuleContainer.applyDelta(ModuleContainer.java:741)
	at org.eclipse.osgi.container.ModuleContainer.resolveAndApply(ModuleContainer.java:511)
	at org.eclipse.osgi.container.ModuleContainer.resolve(ModuleContainer.java:457)
	at org.eclipse.osgi.container.ModuleContainer.resolve(ModuleContainer.java:447)
	at org.eclipse.osgi.container.Module.start(Module.java:427)
	at org.eclipse.osgi.internal.framework.EquinoxBundle.start(EquinoxBundle.java:383)
	at org.apache.felix.fileinstall.internal.DirectoryWatcher.startBundle(DirectoryWatcher.java:1260)
	at org.apache.felix.fileinstall.internal.DirectoryWatcher.startBundles(DirectoryWatcher.java:1233)
	at org.apache.felix.fileinstall.internal.DirectoryWatcher.startAllBundles(DirectoryWatcher.java:1221)
	at org.apache.felix.fileinstall.internal.DirectoryWatcher.doProcess(DirectoryWatcher.java:515)
	at org.apache.felix.fileinstall.internal.DirectoryWatcher.process(DirectoryWatcher.java:365)
	at org.apache.felix.fileinstall.internal.DirectoryWatcher.run(DirectoryWatcher.java:316)
Caused by: java.lang.LinkageError: ClassCastException: attempting to castbundleresource://33.fwk26700389/javax/ws/rs/ext/RuntimeDelegate.class to bundleresource://33.fwk26700389/javax/ws/rs/ext/RuntimeDelegate.class
	at javax.ws.rs.ext.RuntimeDelegate.findDelegate(RuntimeDelegate.java:146)
	at javax.ws.rs.ext.RuntimeDelegate.getInstance(RuntimeDelegate.java:120)
	at javax.ws.rs.core.MediaType.valueOf(MediaType.java:179)
	at org.glassfish.jersey.media.sse.SseFeature.<clinit>(SseFeature.java:62)
	at org.eclipse.smarthome.io.rest.sse.internal.SseActivator.start(SseActivator.java:49)
	at org.eclipse.osgi.internal.framework.BundleContextImpl$3.run(BundleContextImpl.java:779)
	at org.eclipse.osgi.internal.framework.BundleContextImpl$3.run(BundleContextImpl.java:1)
	at java.security.AccessController.doPrivileged(Native Method)
	at org.eclipse.osgi.internal.framework.BundleContextImpl.startActivator(BundleContextImpl.java:772)
	... 19 more
Root exception:
java.lang.LinkageError: ClassCastException: attempting to castbundleresource://33.fwk26700389/javax/ws/rs/ext/RuntimeDelegate.class to bundleresource://33.fwk26700389/javax/ws/rs/ext/RuntimeDelegate.class
	at javax.ws.rs.ext.RuntimeDelegate.findDelegate(RuntimeDelegate.java:146)
	at javax.ws.rs.ext.RuntimeDelegate.getInstance(RuntimeDelegate.java:120)
	at javax.ws.rs.core.MediaType.valueOf(MediaType.java:179)
	at org.glassfish.jersey.media.sse.SseFeature.<clinit>(SseFeature.java:62)
	at org.eclipse.smarthome.io.rest.sse.internal.SseActivator.start(SseActivator.java:49)
	at org.eclipse.osgi.internal.framework.BundleContextImpl$3.run(BundleContextImpl.java:779)
	at org.eclipse.osgi.internal.framework.BundleContextImpl$3.run(BundleContextImpl.java:1)
	at java.security.AccessController.doPrivileged(Native Method)
	at org.eclipse.osgi.internal.framework.BundleContextImpl.startActivator(BundleContextImpl.java:772)
	at org.eclipse.osgi.internal.framework.BundleContextImpl.start(BundleContextImpl.java:729)
	at org.eclipse.osgi.internal.framework.EquinoxBundle.startWorker0(EquinoxBundle.java:933)
	at org.eclipse.osgi.internal.framework.EquinoxBundle$EquinoxModule.startWorker(EquinoxBundle.java:309)
	at org.eclipse.osgi.container.Module.doStart(Module.java:581)
	at org.eclipse.osgi.container.Module.start(Module.java:449)
	at org.eclipse.osgi.framework.util.SecureAction.start(SecureAction.java:468)
	at org.eclipse.osgi.container.ModuleContainer.start(ModuleContainer.java:750)
	at org.eclipse.osgi.container.ModuleContainer.applyDelta(ModuleContainer.java:741)
	at org.eclipse.osgi.container.ModuleContainer.resolveAndApply(ModuleContainer.java:511)
	at org.eclipse.osgi.container.ModuleContainer.resolve(ModuleContainer.java:457)
	at org.eclipse.osgi.container.ModuleContainer.resolve(ModuleContainer.java:447)
	at org.eclipse.osgi.container.Module.start(Module.java:427)
	at org.eclipse.osgi.internal.framework.EquinoxBundle.start(EquinoxBundle.java:383)
	at org.apache.felix.fileinstall.internal.DirectoryWatcher.startBundle(DirectoryWatcher.java:1260)
	at org.apache.felix.fileinstall.internal.DirectoryWatcher.startBundles(DirectoryWatcher.java:1233)
	at org.apache.felix.fileinstall.internal.DirectoryWatcher.startAllBundles(DirectoryWatcher.java:1221)
	at org.apache.felix.fileinstall.internal.DirectoryWatcher.doProcess(DirectoryWatcher.java:515)
	at org.apache.felix.fileinstall.internal.DirectoryWatcher.process(DirectoryWatcher.java:365)
	at org.apache.felix.fileinstall.internal.DirectoryWatcher.run(DirectoryWatcher.java:316)

!ENTRY org.eclipse.smarthome.io.rest.sse 4 0 2019-01-26 00:45:07.395
!MESSAGE FrameworkEvent ERROR
!STACK 0
org.osgi.framework.BundleException: Exception in org.eclipse.smarthome.io.rest.sse.internal.SseActivator.start() of bundle org.eclipse.smarthome.io.rest.sse.
	at org.eclipse.osgi.internal.framework.BundleContextImpl.startActivator(BundleContextImpl.java:800)
	at org.eclipse.osgi.internal.framework.BundleContextImpl.start(BundleContextImpl.java:729)
	at org.eclipse.osgi.internal.framework.EquinoxBundle.startWorker0(EquinoxBundle.java:933)
	at org.eclipse.osgi.internal.framework.EquinoxBundle$EquinoxModule.startWorker(EquinoxBundle.java:309)
	at org.eclipse.osgi.container.Module.doStart(Module.java:581)
	at org.eclipse.osgi.container.Module.start(Module.java:449)
	at org.eclipse.osgi.framework.util.SecureAction.start(SecureAction.java:468)
	at org.eclipse.osgi.container.ModuleContainer.start(ModuleContainer.java:750)
	at org.eclipse.osgi.container.ModuleContainer.applyDelta(ModuleContainer.java:741)
	at org.eclipse.osgi.container.ModuleContainer.resolveAndApply(ModuleContainer.java:511)
	at org.eclipse.osgi.container.ModuleContainer.resolve(ModuleContainer.java:457)
	at org.eclipse.osgi.container.ModuleContainer.refresh(ModuleContainer.java:1001)
	at org.eclipse.osgi.container.ModuleContainer$ContainerWiring.dispatchEvent(ModuleContainer.java:1382)
	at org.eclipse.osgi.container.ModuleContainer$ContainerWiring.dispatchEvent(ModuleContainer.java:1)
	at org.eclipse.osgi.framework.eventmgr.EventManager.dispatchEvent(EventManager.java:230)
	at org.eclipse.osgi.framework.eventmgr.EventManager$EventThread.run(EventManager.java:340)
Caused by: java.lang.LinkageError: ClassCastException: attempting to castbundleresource://33.fwk26700389/javax/ws/rs/ext/RuntimeDelegate.class to bundleresource://33.fwk26700389/javax/ws/rs/ext/RuntimeDelegate.class
	at javax.ws.rs.ext.RuntimeDelegate.findDelegate(RuntimeDelegate.java:146)
	at javax.ws.rs.ext.RuntimeDelegate.getInstance(RuntimeDelegate.java:120)
	at javax.ws.rs.core.MediaType.valueOf(MediaType.java:179)
	at org.glassfish.jersey.media.sse.SseFeature.<clinit>(SseFeature.java:62)
	at org.eclipse.smarthome.io.rest.sse.internal.SseActivator.start(SseActivator.java:49)
	at org.eclipse.osgi.internal.framework.BundleContextImpl$3.run(BundleContextImpl.java:779)
	at org.eclipse.osgi.internal.framework.BundleContextImpl$3.run(BundleContextImpl.java:1)
	at java.security.AccessController.doPrivileged(Native Method)
	at org.eclipse.osgi.internal.framework.BundleContextImpl.startActivator(BundleContextImpl.java:772)
	... 15 more
Root exception:
java.lang.LinkageError: ClassCastException: attempting to castbundleresource://33.fwk26700389/javax/ws/rs/ext/RuntimeDelegate.class to bundleresource://33.fwk26700389/javax/ws/rs/ext/RuntimeDelegate.class
	at javax.ws.rs.ext.RuntimeDelegate.findDelegate(RuntimeDelegate.java:146)
	at javax.ws.rs.ext.RuntimeDelegate.getInstance(RuntimeDelegate.java:120)
	at javax.ws.rs.core.MediaType.valueOf(MediaType.java:179)
	at org.glassfish.jersey.media.sse.SseFeature.<clinit>(SseFeature.java:62)
	at org.eclipse.smarthome.io.rest.sse.internal.SseActivator.start(SseActivator.java:49)
	at org.eclipse.osgi.internal.framework.BundleContextImpl$3.run(BundleContextImpl.java:779)
	at org.eclipse.osgi.internal.framework.BundleContextImpl$3.run(BundleContextImpl.java:1)
	at java.security.AccessController.doPrivileged(Native Method)
	at org.eclipse.osgi.internal.framework.BundleContextImpl.startActivator(BundleContextImpl.java:772)
	at org.eclipse.osgi.internal.framework.BundleContextImpl.start(BundleContextImpl.java:729)
	at org.eclipse.osgi.internal.framework.EquinoxBundle.startWorker0(EquinoxBundle.java:933)
	at org.eclipse.osgi.internal.framework.EquinoxBundle$EquinoxModule.startWorker(EquinoxBundle.java:309)
	at org.eclipse.osgi.container.Module.doStart(Module.java:581)
	at org.eclipse.osgi.container.Module.start(Module.java:449)
	at org.eclipse.osgi.framework.util.SecureAction.start(SecureAction.java:468)
	at org.eclipse.osgi.container.ModuleContainer.start(ModuleContainer.java:750)
	at org.eclipse.osgi.container.ModuleContainer.applyDelta(ModuleContainer.java:741)
	at org.eclipse.osgi.container.ModuleContainer.resolveAndApply(ModuleContainer.java:511)
	at org.eclipse.osgi.container.ModuleContainer.resolve(ModuleContainer.java:457)
	at org.eclipse.osgi.container.ModuleContainer.refresh(ModuleContainer.java:1001)
	at org.eclipse.osgi.container.ModuleContainer$ContainerWiring.dispatchEvent(ModuleContainer.java:1382)
	at org.eclipse.osgi.container.ModuleContainer$ContainerWiring.dispatchEvent(ModuleContainer.java:1)
	at org.eclipse.osgi.framework.eventmgr.EventManager.dispatchEvent(EventManager.java:230)
	at org.eclipse.osgi.framework.eventmgr.EventManager$EventThread.run(EventManager.java:340)

!ENTRY org.eclipse.osgi 2 0 2019-01-26 00:53:41.036
!MESSAGE While loading class "org.openhab.io.openhabcloud.internal.CloudService", thread "Thread[EventThread,5,main]" timed out waiting (5000ms) for thread "Thread[Refresh Thread: Equinox Container: bf5db379-7f17-4e8d-be5b-c7e2827fd3c2,5,main]" to finish starting bundle "org.openhab.io.openhabcloud_2.3.0 [233]". To avoid deadlock, thread "Thread[EventThread,5,main]" is proceeding but "org.openhab.io.openhabcloud.internal.CloudService" may not be fully initialized.
!STACK 0
org.osgi.framework.BundleException: Unable to acquire the state change lock for the module: osgi.identity; type="osgi.bundle"; version:Version="2.3.0"; osgi.identity="org.openhab.io.openhabcloud" [id=233] STARTED [STOPPED, UNRESOLVED]
	at org.eclipse.osgi.container.Module.lockStateChange(Module.java:337)
	at org.eclipse.osgi.container.Module.start(Module.java:401)
	at org.eclipse.osgi.framework.util.SecureAction.start(SecureAction.java:468)
	at org.eclipse.osgi.internal.hooks.EclipseLazyStarter.postFindLocalClass(EclipseLazyStarter.java:103)
	at org.eclipse.osgi.internal.loader.classpath.ClasspathManager.findLocalClass(ClasspathManager.java:529)
	at org.eclipse.osgi.internal.loader.ModuleClassLoader.findLocalClass(ModuleClassLoader.java:328)
	at org.eclipse.osgi.internal.loader.BundleLoader.findLocalClass(BundleLoader.java:368)
	at org.eclipse.osgi.internal.loader.BundleLoader.findClassInternal(BundleLoader.java:446)
	at org.eclipse.osgi.internal.loader.BundleLoader.findClass(BundleLoader.java:395)
	at org.eclipse.osgi.internal.loader.BundleLoader.findClass(BundleLoader.java:387)
	at org.eclipse.osgi.internal.loader.ModuleClassLoader.loadClass(ModuleClassLoader.java:150)
	at java.lang.ClassLoader.loadClass(Unknown Source)
	at org.eclipse.osgi.internal.framework.EquinoxBundle.loadClass(EquinoxBundle.java:564)
	at org.apache.felix.scr.impl.manager.AbstractComponentManager.initDependencyManagers(AbstractComponentManager.java:976)
	at org.apache.felix.scr.impl.manager.AbstractComponentManager.collectDependencies(AbstractComponentManager.java:1003)
	at org.apache.felix.scr.impl.manager.SingleComponentManager.getServiceInternal(SingleComponentManager.java:859)
	at org.apache.felix.scr.impl.manager.SingleComponentManager.getService(SingleComponentManager.java:823)
	at org.eclipse.osgi.internal.serviceregistry.ServiceFactoryUse$1.run(ServiceFactoryUse.java:212)
	at java.security.AccessController.doPrivileged(Native Method)
	at org.eclipse.osgi.internal.serviceregistry.ServiceFactoryUse.factoryGetService(ServiceFactoryUse.java:210)
	at org.eclipse.osgi.internal.serviceregistry.ServiceFactoryUse.getService(ServiceFactoryUse.java:111)
	at org.eclipse.osgi.internal.serviceregistry.ServiceConsumer$2.getService(ServiceConsumer.java:45)
	at org.eclipse.osgi.internal.serviceregistry.ServiceRegistrationImpl.getService(ServiceRegistrationImpl.java:508)
	at org.eclipse.osgi.internal.serviceregistry.ServiceRegistry.getService(ServiceRegistry.java:461)
	at org.eclipse.osgi.internal.framework.BundleContextImpl.getService(BundleContextImpl.java:624)
	at org.apache.felix.scr.impl.manager.SingleRefPair.getServiceObject(SingleRefPair.java:72)
	at org.apache.felix.scr.impl.inject.BindMethod.getServiceObject(BindMethod.java:651)
	at org.apache.felix.scr.impl.manager.DependencyManager.getServiceObject(DependencyManager.java:2201)
	at org.apache.felix.scr.impl.manager.DependencyManager.doInvokeBindMethod(DependencyManager.java:1714)
	at org.apache.felix.scr.impl.manager.DependencyManager.invokeBindMethod(DependencyManager.java:1699)
	at org.apache.felix.scr.impl.manager.SingleComponentManager.invokeBindMethod(SingleComponentManager.java:372)
	at org.apache.felix.scr.impl.manager.DependencyManager$MultipleDynamicCustomizer.addedService(DependencyManager.java:320)
	at org.apache.felix.scr.impl.manager.DependencyManager$MultipleDynamicCustomizer.addedService(DependencyManager.java:291)
	at org.apache.felix.scr.impl.manager.ServiceTracker$Tracked.customizerAdded(ServiceTracker.java:1215)
	at org.apache.felix.scr.impl.manager.ServiceTracker$Tracked.customizerAdded(ServiceTracker.java:1136)
	at org.apache.felix.scr.impl.manager.ServiceTracker$AbstractTracked.trackAdding(ServiceTracker.java:945)
	at org.apache.felix.scr.impl.manager.ServiceTracker$AbstractTracked.track(ServiceTracker.java:881)
	at org.apache.felix.scr.impl.manager.ServiceTracker$Tracked.serviceChanged(ServiceTracker.java:1167)
	at org.apache.felix.scr.impl.BundleComponentActivator$ListenerInfo.serviceChanged(BundleComponentActivator.java:127)
	at org.eclipse.osgi.internal.serviceregistry.FilteredServiceListener.serviceChanged(FilteredServiceListener.java:109)
	at org.eclipse.osgi.internal.framework.BundleContextImpl.dispatchEvent(BundleContextImpl.java:920)
	at org.eclipse.osgi.framework.eventmgr.EventManager.dispatchEvent(EventManager.java:230)
	at org.eclipse.osgi.framework.eventmgr.ListenerQueue.dispatchEventSynchronous(ListenerQueue.java:148)
	at org.eclipse.osgi.internal.serviceregistry.ServiceRegistry.publishServiceEventPrivileged(ServiceRegistry.java:862)
	at org.eclipse.osgi.internal.serviceregistry.ServiceRegistry.publishServiceEvent(ServiceRegistry.java:801)
	at org.eclipse.osgi.internal.serviceregistry.ServiceRegistrationImpl.register(ServiceRegistrationImpl.java:127)
	at org.eclipse.osgi.internal.serviceregistry.ServiceRegistry.registerService(ServiceRegistry.java:225)
	at org.eclipse.osgi.internal.framework.BundleContextImpl.registerService(BundleContextImpl.java:469)
	at org.apache.felix.scr.impl.manager.AbstractComponentManager$3.register(AbstractComponentManager.java:887)
	at org.apache.felix.scr.impl.manager.AbstractComponentManager$3.register(AbstractComponentManager.java:874)
	at org.apache.felix.scr.impl.manager.RegistrationManager.changeRegistration(RegistrationManager.java:132)
	at org.apache.felix.scr.impl.manager.AbstractComponentManager.registerService(AbstractComponentManager.java:941)
	at org.apache.felix.scr.impl.manager.AbstractComponentManager.activateInternal(AbstractComponentManager.java:741)
	at org.apache.felix.scr.impl.manager.AbstractComponentManager.enableInternal(AbstractComponentManager.java:675)
	at org.apache.felix.scr.impl.manager.AbstractComponentManager.enable(AbstractComponentManager.java:430)
	at org.apache.felix.scr.impl.manager.ConfigurableComponentHolder.enableComponents(ConfigurableComponentHolder.java:657)
	at org.apache.felix.scr.impl.BundleComponentActivator.initialEnable(BundleComponentActivator.java:341)
	at org.apache.felix.scr.impl.Activator.loadComponents(Activator.java:390)
	at org.apache.felix.scr.impl.Activator.access$200(Activator.java:54)
	at org.apache.felix.scr.impl.Activator$ScrExtension.start(Activator.java:265)
	at org.apache.felix.utils.extender.AbstractExtender.createExtension(AbstractExtender.java:254)
	at org.apache.felix.utils.extender.AbstractExtender.modifiedBundle(AbstractExtender.java:227)
	at org.apache.felix.utils.extender.AbstractExtender.addingBundle(AbstractExtender.java:187)
	at org.osgi.util.tracker.BundleTracker$Tracked.customizerAdding(BundleTracker.java:469)
	at org.osgi.util.tracker.BundleTracker$Tracked.customizerAdding(BundleTracker.java:415)
	at org.osgi.util.tracker.AbstractTracked.trackAdding(AbstractTracked.java:256)
	at org.osgi.util.tracker.AbstractTracked.track(AbstractTracked.java:229)
	at org.osgi.util.tracker.BundleTracker$Tracked.bundleChanged(BundleTracker.java:444)
	at org.eclipse.osgi.internal.framework.BundleContextImpl.dispatchEvent(BundleContextImpl.java:908)
	at org.eclipse.osgi.framework.eventmgr.EventManager.dispatchEvent(EventManager.java:230)
	at org.eclipse.osgi.framework.eventmgr.ListenerQueue.dispatchEventSynchronous(ListenerQueue.java:148)
	at org.eclipse.osgi.internal.framework.EquinoxEventPublisher.publishBundleEventPrivileged(EquinoxEventPublisher.java:213)
	at org.eclipse.osgi.internal.framework.EquinoxEventPublisher.publishBundleEvent(EquinoxEventPublisher.java:120)
	at org.eclipse.osgi.internal.framework.EquinoxEventPublisher.publishBundleEvent(EquinoxEventPublisher.java:112)
	at org.eclipse.osgi.internal.framework.EquinoxContainerAdaptor.publishModuleEvent(EquinoxContainerAdaptor.java:168)
	at org.eclipse.osgi.container.Module.publishEvent(Module.java:476)
	at org.eclipse.osgi.container.Module.doStart(Module.java:548)
	at org.eclipse.osgi.container.Module.start(Module.java:449)
	at org.eclipse.osgi.framework.util.SecureAction.start(SecureAction.java:468)
	at org.eclipse.osgi.internal.hooks.EclipseLazyStarter.postFindLocalClass(EclipseLazyStarter.java:103)
	at org.eclipse.osgi.internal.loader.classpath.ClasspathManager.findLocalClass(ClasspathManager.java:529)
	at org.eclipse.osgi.internal.loader.ModuleClassLoader.findLocalClass(ModuleClassLoader.java:328)
	at org.eclipse.osgi.internal.loader.BundleLoader.findLocalClass(BundleLoader.java:368)
	at org.eclipse.osgi.internal.loader.BundleLoader.findClassInternal(BundleLoader.java:446)
	at org.eclipse.osgi.internal.loader.BundleLoader.findClass(BundleLoader.java:395)
	at org.eclipse.osgi.internal.loader.BundleLoader.findClass(BundleLoader.java:387)
	at org.eclipse.osgi.internal.loader.ModuleClassLoader.loadClass(ModuleClassLoader.java:150)
	at java.lang.ClassLoader.loadClass(Unknown Source)
	at io.socket.engineio.client.transports.Polling.write(Polling.java:178)
	at io.socket.engineio.client.transports.Polling$3.call(Polling.java:157)
	at io.socket.engineio.client.transports.Polling.doClose(Polling.java:166)
	at io.socket.engineio.client.Transport$2.run(Transport.java:94)
	at io.socket.thread.EventThread.exec(EventThread.java:55)
	at io.socket.engineio.client.Transport.close(Transport.java:90)
	at io.socket.engineio.client.Socket.onClose(Socket.java:800)
	at io.socket.engineio.client.Socket.onClose(Socket.java:777)
	at io.socket.engineio.client.Socket.access$800(Socket.java:31)
	at io.socket.engineio.client.Socket$20$1.run(Socket.java:722)
	at io.socket.engineio.client.Socket$20.run(Socket.java:761)
	at io.socket.thread.EventThread.exec(EventThread.java:55)
	at io.socket.engineio.client.Socket.close(Socket.java:711)
	at io.socket.client.Manager.close(Manager.java:512)
	at io.socket.client.Manager.destroy(Manager.java:452)
	at io.socket.client.Socket.destroy(Socket.java:421)
	at io.socket.client.Socket.access$1400(Socket.java:19)
	at io.socket.client.Socket$8.run(Socket.java:438)
	at io.socket.thread.EventThread$2.run(EventThread.java:80)
	at java.util.concurrent.ThreadPoolExecutor.runWorker(Unknown Source)
	at java.util.concurrent.ThreadPoolExecutor$Worker.run(Unknown Source)
	at java.lang.Thread.run(Unknown Source)
Caused by: java.util.concurrent.TimeoutException: Timeout after waiting 5 seconds to acquire the lock.
	at org.eclipse.osgi.container.Module.lockStateChange(Module.java:334)
	... 109 more
Root exception:
java.util.concurrent.TimeoutException: Timeout after waiting 5 seconds to acquire the lock.
	at org.eclipse.osgi.container.Module.lockStateChange(Module.java:334)
	at org.eclipse.osgi.container.Module.start(Module.java:401)
	at org.eclipse.osgi.framework.util.SecureAction.start(SecureAction.java:468)
	at org.eclipse.osgi.internal.hooks.EclipseLazyStarter.postFindLocalClass(EclipseLazyStarter.java:103)
	at org.eclipse.osgi.internal.loader.classpath.ClasspathManager.findLocalClass(ClasspathManager.java:529)
	at org.eclipse.osgi.internal.loader.ModuleClassLoader.findLocalClass(ModuleClassLoader.java:328)
	at org.eclipse.osgi.internal.loader.BundleLoader.findLocalClass(BundleLoader.java:368)
	at org.eclipse.osgi.internal.loader.BundleLoader.findClassInternal(BundleLoader.java:446)
	at org.eclipse.osgi.internal.loader.BundleLoader.findClass(BundleLoader.java:395)
	at org.eclipse.osgi.internal.loader.BundleLoader.findClass(BundleLoader.java:387)
	at org.eclipse.osgi.internal.loader.ModuleClassLoader.loadClass(ModuleClassLoader.java:150)
	at java.lang.ClassLoader.loadClass(Unknown Source)
	at org.eclipse.osgi.internal.framework.EquinoxBundle.loadClass(EquinoxBundle.java:564)
	at org.apache.felix.scr.impl.manager.AbstractComponentManager.initDependencyManagers(AbstractComponentManager.java:976)
	at org.apache.felix.scr.impl.manager.AbstractComponentManager.collectDependencies(AbstractComponentManager.java:1003)
	at org.apache.felix.scr.impl.manager.SingleComponentManager.getServiceInternal(SingleComponentManager.java:859)
	at org.apache.felix.scr.impl.manager.SingleComponentManager.getService(SingleComponentManager.java:823)
	at org.eclipse.osgi.internal.serviceregistry.ServiceFactoryUse$1.run(ServiceFactoryUse.java:212)
	at java.security.AccessController.doPrivileged(Native Method)
	at org.eclipse.osgi.internal.serviceregistry.ServiceFactoryUse.factoryGetService(ServiceFactoryUse.java:210)
	at org.eclipse.osgi.internal.serviceregistry.ServiceFactoryUse.getService(ServiceFactoryUse.java:111)
	at org.eclipse.osgi.internal.serviceregistry.ServiceConsumer$2.getService(ServiceConsumer.java:45)
	at org.eclipse.osgi.internal.serviceregistry.ServiceRegistrationImpl.getService(ServiceRegistrationImpl.java:508)
	at org.eclipse.osgi.internal.serviceregistry.ServiceRegistry.getService(ServiceRegistry.java:461)
	at org.eclipse.osgi.internal.framework.BundleContextImpl.getService(BundleContextImpl.java:624)
	at org.apache.felix.scr.impl.manager.SingleRefPair.getServiceObject(SingleRefPair.java:72)
	at org.apache.felix.scr.impl.inject.BindMethod.getServiceObject(BindMethod.java:651)
	at org.apache.felix.scr.impl.manager.DependencyManager.getServiceObject(DependencyManager.java:2201)
	at org.apache.felix.scr.impl.manager.DependencyManager.doInvokeBindMethod(DependencyManager.java:1714)
	at org.apache.felix.scr.impl.manager.DependencyManager.invokeBindMethod(DependencyManager.java:1699)
	at org.apache.felix.scr.impl.manager.SingleComponentManager.invokeBindMethod(SingleComponentManager.java:372)
	at org.apache.felix.scr.impl.manager.DependencyManager$MultipleDynamicCustomizer.addedService(DependencyManager.java:320)
	at org.apache.felix.scr.impl.manager.DependencyManager$MultipleDynamicCustomizer.addedService(DependencyManager.java:291)
	at org.apache.felix.scr.impl.manager.ServiceTracker$Tracked.customizerAdded(ServiceTracker.java:1215)
	at org.apache.felix.scr.impl.manager.ServiceTracker$Tracked.customizerAdded(ServiceTracker.java:1136)
	at org.apache.felix.scr.impl.manager.ServiceTracker$AbstractTracked.trackAdding(ServiceTracker.java:945)
	at org.apache.felix.scr.impl.manager.ServiceTracker$AbstractTracked.track(ServiceTracker.java:881)
	at org.apache.felix.scr.impl.manager.ServiceTracker$Tracked.serviceChanged(ServiceTracker.java:1167)
	at org.apache.felix.scr.impl.BundleComponentActivator$ListenerInfo.serviceChanged(BundleComponentActivator.java:127)
	at org.eclipse.osgi.internal.serviceregistry.FilteredServiceListener.serviceChanged(FilteredServiceListener.java:109)
	at org.eclipse.osgi.internal.framework.BundleContextImpl.dispatchEvent(BundleContextImpl.java:920)
	at org.eclipse.osgi.framework.eventmgr.EventManager.dispatchEvent(EventManager.java:230)
	at org.eclipse.osgi.framework.eventmgr.ListenerQueue.dispatchEventSynchronous(ListenerQueue.java:148)
	at org.eclipse.osgi.internal.serviceregistry.ServiceRegistry.publishServiceEventPrivileged(ServiceRegistry.java:862)
	at org.eclipse.osgi.internal.serviceregistry.ServiceRegistry.publishServiceEvent(ServiceRegistry.java:801)
	at org.eclipse.osgi.internal.serviceregistry.ServiceRegistrationImpl.register(ServiceRegistrationImpl.java:127)
	at org.eclipse.osgi.internal.serviceregistry.ServiceRegistry.registerService(ServiceRegistry.java:225)
	at org.eclipse.osgi.internal.framework.BundleContextImpl.registerService(BundleContextImpl.java:469)
	at org.apache.felix.scr.impl.manager.AbstractComponentManager$3.register(AbstractComponentManager.java:887)
	at org.apache.felix.scr.impl.manager.AbstractComponentManager$3.register(AbstractComponentManager.java:874)
	at org.apache.felix.scr.impl.manager.RegistrationManager.changeRegistration(RegistrationManager.java:132)
	at org.apache.felix.scr.impl.manager.AbstractComponentManager.registerService(AbstractComponentManager.java:941)
	at org.apache.felix.scr.impl.manager.AbstractComponentManager.activateInternal(AbstractComponentManager.java:741)
	at org.apache.felix.scr.impl.manager.AbstractComponentManager.enableInternal(AbstractComponentManager.java:675)
	at org.apache.felix.scr.impl.manager.AbstractComponentManager.enable(AbstractComponentManager.java:430)
	at org.apache.felix.scr.impl.manager.ConfigurableComponentHolder.enableComponents(ConfigurableComponentHolder.java:657)
	at org.apache.felix.scr.impl.BundleComponentActivator.initialEnable(BundleComponentActivator.java:341)
	at org.apache.felix.scr.impl.Activator.loadComponents(Activator.java:390)
	at org.apache.felix.scr.impl.Activator.access$200(Activator.java:54)
	at org.apache.felix.scr.impl.Activator$ScrExtension.start(Activator.java:265)
	at org.apache.felix.utils.extender.AbstractExtender.createExtension(AbstractExtender.java:254)
	at org.apache.felix.utils.extender.AbstractExtender.modifiedBundle(AbstractExtender.java:227)
	at org.apache.felix.utils.extender.AbstractExtender.addingBundle(AbstractExtender.java:187)
	at org.osgi.util.tracker.BundleTracker$Tracked.customizerAdding(BundleTracker.java:469)
	at org.osgi.util.tracker.BundleTracker$Tracked.customizerAdding(BundleTracker.java:415)
	at org.osgi.util.tracker.AbstractTracked.trackAdding(AbstractTracked.java:256)
	at org.osgi.util.tracker.AbstractTracked.track(AbstractTracked.java:229)
	at org.osgi.util.tracker.BundleTracker$Tracked.bundleChanged(BundleTracker.java:444)
	at org.eclipse.osgi.internal.framework.BundleContextImpl.dispatchEvent(BundleContextImpl.java:908)
	at org.eclipse.osgi.framework.eventmgr.EventManager.dispatchEvent(EventManager.java:230)
	at org.eclipse.osgi.framework.eventmgr.ListenerQueue.dispatchEventSynchronous(ListenerQueue.java:148)
	at org.eclipse.osgi.internal.framework.EquinoxEventPublisher.publishBundleEventPrivileged(EquinoxEventPublisher.java:213)
	at org.eclipse.osgi.internal.framework.EquinoxEventPublisher.publishBundleEvent(EquinoxEventPublisher.java:120)
	at org.eclipse.osgi.internal.framework.EquinoxEventPublisher.publishBundleEvent(EquinoxEventPublisher.java:112)
	at org.eclipse.osgi.internal.framework.EquinoxContainerAdaptor.publishModuleEvent(EquinoxContainerAdaptor.java:168)
	at org.eclipse.osgi.container.Module.publishEvent(Module.java:476)
	at org.eclipse.osgi.container.Module.doStart(Module.java:548)
	at org.eclipse.osgi.container.Module.start(Module.java:449)
	at org.eclipse.osgi.framework.util.SecureAction.start(SecureAction.java:468)
	at org.eclipse.osgi.internal.hooks.EclipseLazyStarter.postFindLocalClass(EclipseLazyStarter.java:103)
	at org.eclipse.osgi.internal.loader.classpath.ClasspathManager.findLocalClass(ClasspathManager.java:529)
	at org.eclipse.osgi.internal.loader.ModuleClassLoader.findLocalClass(ModuleClassLoader.java:328)
	at org.eclipse.osgi.internal.loader.BundleLoader.findLocalClass(BundleLoader.java:368)
	at org.eclipse.osgi.internal.loader.BundleLoader.findClassInternal(BundleLoader.java:446)
	at org.eclipse.osgi.internal.loader.BundleLoader.findClass(BundleLoader.java:395)
	at org.eclipse.osgi.internal.loader.BundleLoader.findClass(BundleLoader.java:387)
	at org.eclipse.osgi.internal.loader.ModuleClassLoader.loadClass(ModuleClassLoader.java:150)
	at java.lang.ClassLoader.loadClass(Unknown Source)
	at io.socket.engineio.client.transports.Polling.write(Polling.java:178)
	at io.socket.engineio.client.transports.Polling$3.call(Polling.java:157)
	at io.socket.engineio.client.transports.Polling.doClose(Polling.java:166)
	at io.socket.engineio.client.Transport$2.run(Transport.java:94)
	at io.socket.thread.EventThread.exec(EventThread.java:55)
	at io.socket.engineio.client.Transport.close(Transport.java:90)
	at io.socket.engineio.client.Socket.onClose(Socket.java:800)
	at io.socket.engineio.client.Socket.onClose(Socket.java:777)
	at io.socket.engineio.client.Socket.access$800(Socket.java:31)
	at io.socket.engineio.client.Socket$20$1.run(Socket.java:722)
	at io.socket.engineio.client.Socket$20.run(Socket.java:761)
	at io.socket.thread.EventThread.exec(EventThread.java:55)
	at io.socket.engineio.client.Socket.close(Socket.java:711)
	at io.socket.client.Manager.close(Manager.java:512)
	at io.socket.client.Manager.destroy(Manager.java:452)
	at io.socket.client.Socket.destroy(Socket.java:421)
	at io.socket.client.Socket.access$1400(Socket.java:19)
	at io.socket.client.Socket$8.run(Socket.java:438)
	at io.socket.thread.EventThread$2.run(EventThread.java:80)
	at java.util.concurrent.ThreadPoolExecutor.runWorker(Unknown Source)
	at java.util.concurrent.ThreadPoolExecutor$Worker.run(Unknown Source)
	at java.lang.Thread.run(Unknown Source)

!ENTRY org.eclipse.smarthome.io.rest.sse 4 0 2019-01-26 00:53:42.950
!MESSAGE FrameworkEvent ERROR
!STACK 0
org.osgi.framework.BundleException: Exception in org.eclipse.smarthome.io.rest.sse.internal.SseActivator.start() of bundle org.eclipse.smarthome.io.rest.sse.
	at org.eclipse.osgi.internal.framework.BundleContextImpl.startActivator(BundleContextImpl.java:800)
	at org.eclipse.osgi.internal.framework.BundleContextImpl.start(BundleContextImpl.java:729)
	at org.eclipse.osgi.internal.framework.EquinoxBundle.startWorker0(EquinoxBundle.java:933)
	at org.eclipse.osgi.internal.framework.EquinoxBundle$EquinoxModule.startWorker(EquinoxBundle.java:309)
	at org.eclipse.osgi.container.Module.doStart(Module.java:581)
	at org.eclipse.osgi.container.Module.start(Module.java:449)
	at org.eclipse.osgi.framework.util.SecureAction.start(SecureAction.java:468)
	at org.eclipse.osgi.container.ModuleContainer.start(ModuleContainer.java:750)
	at org.eclipse.osgi.container.ModuleContainer.applyDelta(ModuleContainer.java:741)
	at org.eclipse.osgi.container.ModuleContainer.resolveAndApply(ModuleContainer.java:511)
	at org.eclipse.osgi.container.ModuleContainer.resolve(ModuleContainer.java:457)
	at org.eclipse.osgi.container.ModuleContainer.resolve(ModuleContainer.java:447)
	at org.eclipse.osgi.container.Module.start(Module.java:427)
	at org.eclipse.osgi.internal.framework.EquinoxBundle.start(EquinoxBundle.java:383)
	at org.apache.felix.fileinstall.internal.DirectoryWatcher.startBundle(DirectoryWatcher.java:1260)
	at org.apache.felix.fileinstall.internal.DirectoryWatcher.startBundles(DirectoryWatcher.java:1233)
	at org.apache.felix.fileinstall.internal.DirectoryWatcher.startAllBundles(DirectoryWatcher.java:1221)
	at org.apache.felix.fileinstall.internal.DirectoryWatcher.doProcess(DirectoryWatcher.java:515)
	at org.apache.felix.fileinstall.internal.DirectoryWatcher.process(DirectoryWatcher.java:365)
	at org.apache.felix.fileinstall.internal.DirectoryWatcher.run(DirectoryWatcher.java:316)
Caused by: java.lang.NoClassDefFoundError: Could not initialize class org.glassfish.jersey.media.sse.SseFeature
	at org.eclipse.smarthome.io.rest.sse.internal.SseActivator.start(SseActivator.java:49)
	at org.eclipse.osgi.internal.framework.BundleContextImpl$3.run(BundleContextImpl.java:779)
	at org.eclipse.osgi.internal.framework.BundleContextImpl$3.run(BundleContextImpl.java:1)
	at java.security.AccessController.doPrivileged(Native Method)
	at org.eclipse.osgi.internal.framework.BundleContextImpl.startActivator(BundleContextImpl.java:772)
	... 19 more
Root exception:
java.lang.NoClassDefFoundError: Could not initialize class org.glassfish.jersey.media.sse.SseFeature
	at org.eclipse.smarthome.io.rest.sse.internal.SseActivator.start(SseActivator.java:49)
	at org.eclipse.osgi.internal.framework.BundleContextImpl$3.run(BundleContextImpl.java:779)
	at org.eclipse.osgi.internal.framework.BundleContextImpl$3.run(BundleContextImpl.java:1)
	at java.security.AccessController.doPrivileged(Native Method)
	at org.eclipse.osgi.internal.framework.BundleContextImpl.startActivator(BundleContextImpl.java:772)
	at org.eclipse.osgi.internal.framework.BundleContextImpl.start(BundleContextImpl.java:729)
	at org.eclipse.osgi.internal.framework.EquinoxBundle.startWorker0(EquinoxBundle.java:933)
	at org.eclipse.osgi.internal.framework.EquinoxBundle$EquinoxModule.startWorker(EquinoxBundle.java:309)
	at org.eclipse.osgi.container.Module.doStart(Module.java:581)
	at org.eclipse.osgi.container.Module.start(Module.java:449)
	at org.eclipse.osgi.framework.util.SecureAction.start(SecureAction.java:468)
	at org.eclipse.osgi.container.ModuleContainer.start(ModuleContainer.java:750)
	at org.eclipse.osgi.container.ModuleContainer.applyDelta(ModuleContainer.java:741)
	at org.eclipse.osgi.container.ModuleContainer.resolveAndApply(ModuleContainer.java:511)
	at org.eclipse.osgi.container.ModuleContainer.resolve(ModuleContainer.java:457)
	at org.eclipse.osgi.container.ModuleContainer.resolve(ModuleContainer.java:447)
	at org.eclipse.osgi.container.Module.start(Module.java:427)
	at org.eclipse.osgi.internal.framework.EquinoxBundle.start(EquinoxBundle.java:383)
	at org.apache.felix.fileinstall.internal.DirectoryWatcher.startBundle(DirectoryWatcher.java:1260)
	at org.apache.felix.fileinstall.internal.DirectoryWatcher.startBundles(DirectoryWatcher.java:1233)
	at org.apache.felix.fileinstall.internal.DirectoryWatcher.startAllBundles(DirectoryWatcher.java:1221)
	at org.apache.felix.fileinstall.internal.DirectoryWatcher.doProcess(DirectoryWatcher.java:515)
	at org.apache.felix.fileinstall.internal.DirectoryWatcher.process(DirectoryWatcher.java:365)
	at org.apache.felix.fileinstall.internal.DirectoryWatcher.run(DirectoryWatcher.java:316)
