!SESSION 2019-01-26 00:35:18.965 -----------------------------------------------
eclipse.buildId=unknown
java.version=1.8.0_191
java.vendor=Oracle Corporation
BootLoader constants: OS=win32, ARCH=x86, WS=win32, NL=en_US

!ENTRY org.eclipse.smarthome.io.rest.sse 4 0 2019-01-26 00:35:18.965
!MESSAGE FrameworkEvent ERROR
!STACK 0
org.osgi.framework.BundleException: Exception in org.eclipse.smarthome.io.rest.sse.internal.SseActivator.start() of bundle org.eclipse.smarthome.io.rest.sse.
	at org.eclipse.osgi.internal.framework.BundleContextImpl.startActivator(BundleContextImpl.java:800)
	at org.eclipse.osgi.internal.framework.BundleContextImpl.start(BundleContextImpl.java:729)
	at org.eclipse.osgi.internal.framework.EquinoxBundle.startWorker0(EquinoxBundle.java:933)
	at org.eclipse.osgi.internal.framework.EquinoxBundle$EquinoxModule.startWorker(EquinoxBundle.java:309)
	at org.eclipse.osgi.container.Module.doStart(Module.java:581)
	at org.eclipse.osgi.container.Module.start(Module.java:449)
	at org.eclipse.osgi.framework.util.SecureAction.start(SecureAction.java:468)
	at org.eclipse.osgi.container.ModuleContainer.start(ModuleContainer.java:750)
	at org.eclipse.osgi.container.ModuleContainer.applyDelta(ModuleContainer.java:741)
	at org.eclipse.osgi.container.ModuleContainer.resolveAndApply(ModuleContainer.java:511)
	at org.eclipse.osgi.container.ModuleContainer.resolve(ModuleContainer.java:457)
	at org.eclipse.osgi.container.ModuleContainer.refresh(ModuleContainer.java:1001)
	at org.eclipse.osgi.container.ModuleContainer$ContainerWiring.dispatchEvent(ModuleContainer.java:1382)
	at org.eclipse.osgi.container.ModuleContainer$ContainerWiring.dispatchEvent(ModuleContainer.java:1)
	at org.eclipse.osgi.framework.eventmgr.EventManager.dispatchEvent(EventManager.java:230)
	at org.eclipse.osgi.framework.eventmgr.EventManager$EventThread.run(EventManager.java:340)
Caused by: java.lang.LinkageError: ClassCastException: attempting to castbundleresource://33.fwk16902902/javax/ws/rs/ext/RuntimeDelegate.class to bundleresource://33.fwk16902902/javax/ws/rs/ext/RuntimeDelegate.class
	at javax.ws.rs.ext.RuntimeDelegate.findDelegate(RuntimeDelegate.java:146)
	at javax.ws.rs.ext.RuntimeDelegate.getInstance(RuntimeDelegate.java:120)
	at javax.ws.rs.core.MediaType.valueOf(MediaType.java:179)
	at org.glassfish.jersey.media.sse.SseFeature.<clinit>(SseFeature.java:62)
	at org.eclipse.smarthome.io.rest.sse.internal.SseActivator.start(SseActivator.java:49)
	at org.eclipse.osgi.internal.framework.BundleContextImpl$3.run(BundleContextImpl.java:779)
	at org.eclipse.osgi.internal.framework.BundleContextImpl$3.run(BundleContextImpl.java:1)
	at java.security.AccessController.doPrivileged(Native Method)
	at org.eclipse.osgi.internal.framework.BundleContextImpl.startActivator(BundleContextImpl.java:772)
	... 15 more
Root exception:
java.lang.LinkageError: ClassCastException: attempting to castbundleresource://33.fwk16902902/javax/ws/rs/ext/RuntimeDelegate.class to bundleresource://33.fwk16902902/javax/ws/rs/ext/RuntimeDelegate.class
	at javax.ws.rs.ext.RuntimeDelegate.findDelegate(RuntimeDelegate.java:146)
	at javax.ws.rs.ext.RuntimeDelegate.getInstance(RuntimeDelegate.java:120)
	at javax.ws.rs.core.MediaType.valueOf(MediaType.java:179)
	at org.glassfish.jersey.media.sse.SseFeature.<clinit>(SseFeature.java:62)
	at org.eclipse.smarthome.io.rest.sse.internal.SseActivator.start(SseActivator.java:49)
	at org.eclipse.osgi.internal.framework.BundleContextImpl$3.run(BundleContextImpl.java:779)
	at org.eclipse.osgi.internal.framework.BundleContextImpl$3.run(BundleContextImpl.java:1)
	at java.security.AccessController.doPrivileged(Native Method)
	at org.eclipse.osgi.internal.framework.BundleContextImpl.startActivator(BundleContextImpl.java:772)
	at org.eclipse.osgi.internal.framework.BundleContextImpl.start(BundleContextImpl.java:729)
	at org.eclipse.osgi.internal.framework.EquinoxBundle.startWorker0(EquinoxBundle.java:933)
	at org.eclipse.osgi.internal.framework.EquinoxBundle$EquinoxModule.startWorker(EquinoxBundle.java:309)
	at org.eclipse.osgi.container.Module.doStart(Module.java:581)
	at org.eclipse.osgi.container.Module.start(Module.java:449)
	at org.eclipse.osgi.framework.util.SecureAction.start(SecureAction.java:468)
	at org.eclipse.osgi.container.ModuleContainer.start(ModuleContainer.java:750)
	at org.eclipse.osgi.container.ModuleContainer.applyDelta(ModuleContainer.java:741)
	at org.eclipse.osgi.container.ModuleContainer.resolveAndApply(ModuleContainer.java:511)
	at org.eclipse.osgi.container.ModuleContainer.resolve(ModuleContainer.java:457)
	at org.eclipse.osgi.container.ModuleContainer.refresh(ModuleContainer.java:1001)
	at org.eclipse.osgi.container.ModuleContainer$ContainerWiring.dispatchEvent(ModuleContainer.java:1382)
	at org.eclipse.osgi.container.ModuleContainer$ContainerWiring.dispatchEvent(ModuleContainer.java:1)
	at org.eclipse.osgi.framework.eventmgr.EventManager.dispatchEvent(EventManager.java:230)
	at org.eclipse.osgi.framework.eventmgr.EventManager$EventThread.run(EventManager.java:340)

!ENTRY org.eclipse.smarthome.io.rest.sse 4 0 2019-01-26 00:35:58.009
!MESSAGE FrameworkEvent ERROR
!STACK 0
org.osgi.framework.BundleException: Exception in org.eclipse.smarthome.io.rest.sse.internal.SseActivator.start() of bundle org.eclipse.smarthome.io.rest.sse.
	at org.eclipse.osgi.internal.framework.BundleContextImpl.startActivator(BundleContextImpl.java:800)
	at org.eclipse.osgi.internal.framework.BundleContextImpl.start(BundleContextImpl.java:729)
	at org.eclipse.osgi.internal.framework.EquinoxBundle.startWorker0(EquinoxBundle.java:933)
	at org.eclipse.osgi.internal.framework.EquinoxBundle$EquinoxModule.startWorker(EquinoxBundle.java:309)
	at org.eclipse.osgi.container.Module.doStart(Module.java:581)
	at org.eclipse.osgi.container.Module.start(Module.java:449)
	at org.eclipse.osgi.framework.util.SecureAction.start(SecureAction.java:468)
	at org.eclipse.osgi.container.ModuleContainer.start(ModuleContainer.java:750)
	at org.eclipse.osgi.container.ModuleContainer.applyDelta(ModuleContainer.java:741)
	at org.eclipse.osgi.container.ModuleContainer.resolveAndApply(ModuleContainer.java:511)
	at org.eclipse.osgi.container.ModuleContainer.resolve(ModuleContainer.java:457)
	at org.eclipse.osgi.container.ModuleContainer.refresh(ModuleContainer.java:1001)
	at org.eclipse.osgi.container.ModuleContainer$ContainerWiring.dispatchEvent(ModuleContainer.java:1382)
	at org.eclipse.osgi.container.ModuleContainer$ContainerWiring.dispatchEvent(ModuleContainer.java:1)
	at org.eclipse.osgi.framework.eventmgr.EventManager.dispatchEvent(EventManager.java:230)
	at org.eclipse.osgi.framework.eventmgr.EventManager$EventThread.run(EventManager.java:340)
Caused by: java.lang.LinkageError: ClassCastException: attempting to castbundleresource://33.fwk16902902/javax/ws/rs/ext/RuntimeDelegate.class to bundleresource://33.fwk16902902/javax/ws/rs/ext/RuntimeDelegate.class
	at javax.ws.rs.ext.RuntimeDelegate.findDelegate(RuntimeDelegate.java:146)
	at javax.ws.rs.ext.RuntimeDelegate.getInstance(RuntimeDelegate.java:120)
	at javax.ws.rs.core.MediaType.valueOf(MediaType.java:179)
	at org.glassfish.jersey.media.sse.SseFeature.<clinit>(SseFeature.java:62)
	at org.eclipse.smarthome.io.rest.sse.internal.SseActivator.start(SseActivator.java:49)
	at org.eclipse.osgi.internal.framework.BundleContextImpl$3.run(BundleContextImpl.java:779)
	at org.eclipse.osgi.internal.framework.BundleContextImpl$3.run(BundleContextImpl.java:1)
	at java.security.AccessController.doPrivileged(Native Method)
	at org.eclipse.osgi.internal.framework.BundleContextImpl.startActivator(BundleContextImpl.java:772)
	... 15 more
Root exception:
java.lang.LinkageError: ClassCastException: attempting to castbundleresource://33.fwk16902902/javax/ws/rs/ext/RuntimeDelegate.class to bundleresource://33.fwk16902902/javax/ws/rs/ext/RuntimeDelegate.class
	at javax.ws.rs.ext.RuntimeDelegate.findDelegate(RuntimeDelegate.java:146)
	at javax.ws.rs.ext.RuntimeDelegate.getInstance(RuntimeDelegate.java:120)
	at javax.ws.rs.core.MediaType.valueOf(MediaType.java:179)
	at org.glassfish.jersey.media.sse.SseFeature.<clinit>(SseFeature.java:62)
	at org.eclipse.smarthome.io.rest.sse.internal.SseActivator.start(SseActivator.java:49)
	at org.eclipse.osgi.internal.framework.BundleContextImpl$3.run(BundleContextImpl.java:779)
	at org.eclipse.osgi.internal.framework.BundleContextImpl$3.run(BundleContextImpl.java:1)
	at java.security.AccessController.doPrivileged(Native Method)
	at org.eclipse.osgi.internal.framework.BundleContextImpl.startActivator(BundleContextImpl.java:772)
	at org.eclipse.osgi.internal.framework.BundleContextImpl.start(BundleContextImpl.java:729)
	at org.eclipse.osgi.internal.framework.EquinoxBundle.startWorker0(EquinoxBundle.java:933)
	at org.eclipse.osgi.internal.framework.EquinoxBundle$EquinoxModule.startWorker(EquinoxBundle.java:309)
	at org.eclipse.osgi.container.Module.doStart(Module.java:581)
	at org.eclipse.osgi.container.Module.start(Module.java:449)
	at org.eclipse.osgi.framework.util.SecureAction.start(SecureAction.java:468)
	at org.eclipse.osgi.container.ModuleContainer.start(ModuleContainer.java:750)
	at org.eclipse.osgi.container.ModuleContainer.applyDelta(ModuleContainer.java:741)
	at org.eclipse.osgi.container.ModuleContainer.resolveAndApply(ModuleContainer.java:511)
	at org.eclipse.osgi.container.ModuleContainer.resolve(ModuleContainer.java:457)
	at org.eclipse.osgi.container.ModuleContainer.refresh(ModuleContainer.java:1001)
	at org.eclipse.osgi.container.ModuleContainer$ContainerWiring.dispatchEvent(ModuleContainer.java:1382)
	at org.eclipse.osgi.container.ModuleContainer$ContainerWiring.dispatchEvent(ModuleContainer.java:1)
	at org.eclipse.osgi.framework.eventmgr.EventManager.dispatchEvent(EventManager.java:230)
	at org.eclipse.osgi.framework.eventmgr.EventManager$EventThread.run(EventManager.java:340)

!ENTRY org.eclipse.smarthome.io.rest.sse 4 0 2019-01-26 00:36:16.254
!MESSAGE FrameworkEvent ERROR
!STACK 0
org.osgi.framework.BundleException: Exception in org.eclipse.smarthome.io.rest.sse.internal.SseActivator.start() of bundle org.eclipse.smarthome.io.rest.sse.
	at org.eclipse.osgi.internal.framework.BundleContextImpl.startActivator(BundleContextImpl.java:800)
	at org.eclipse.osgi.internal.framework.BundleContextImpl.start(BundleContextImpl.java:729)
	at org.eclipse.osgi.internal.framework.EquinoxBundle.startWorker0(EquinoxBundle.java:933)
	at org.eclipse.osgi.internal.framework.EquinoxBundle$EquinoxModule.startWorker(EquinoxBundle.java:309)
	at org.eclipse.osgi.container.Module.doStart(Module.java:581)
	at org.eclipse.osgi.container.Module.start(Module.java:449)
	at org.eclipse.osgi.framework.util.SecureAction.start(SecureAction.java:468)
	at org.eclipse.osgi.container.ModuleContainer.start(ModuleContainer.java:750)
	at org.eclipse.osgi.container.ModuleContainer.applyDelta(ModuleContainer.java:741)
	at org.eclipse.osgi.container.ModuleContainer.resolveAndApply(ModuleContainer.java:511)
	at org.eclipse.osgi.container.ModuleContainer.resolve(ModuleContainer.java:457)
	at org.eclipse.osgi.container.ModuleContainer.refresh(ModuleContainer.java:1001)
	at org.eclipse.osgi.container.ModuleContainer$ContainerWiring.dispatchEvent(ModuleContainer.java:1382)
	at org.eclipse.osgi.container.ModuleContainer$ContainerWiring.dispatchEvent(ModuleContainer.java:1)
	at org.eclipse.osgi.framework.eventmgr.EventManager.dispatchEvent(EventManager.java:230)
	at org.eclipse.osgi.framework.eventmgr.EventManager$EventThread.run(EventManager.java:340)
Caused by: java.lang.LinkageError: ClassCastException: attempting to castbundleresource://33.fwk16902902/javax/ws/rs/ext/RuntimeDelegate.class to bundleresource://33.fwk16902902/javax/ws/rs/ext/RuntimeDelegate.class
	at javax.ws.rs.ext.RuntimeDelegate.findDelegate(RuntimeDelegate.java:146)
	at javax.ws.rs.ext.RuntimeDelegate.getInstance(RuntimeDelegate.java:120)
	at javax.ws.rs.core.MediaType.valueOf(MediaType.java:179)
	at org.glassfish.jersey.media.sse.SseFeature.<clinit>(SseFeature.java:62)
	at org.eclipse.smarthome.io.rest.sse.internal.SseActivator.start(SseActivator.java:49)
	at org.eclipse.osgi.internal.framework.BundleContextImpl$3.run(BundleContextImpl.java:779)
	at org.eclipse.osgi.internal.framework.BundleContextImpl$3.run(BundleContextImpl.java:1)
	at java.security.AccessController.doPrivileged(Native Method)
	at org.eclipse.osgi.internal.framework.BundleContextImpl.startActivator(BundleContextImpl.java:772)
	... 15 more
Root exception:
java.lang.LinkageError: ClassCastException: attempting to castbundleresource://33.fwk16902902/javax/ws/rs/ext/RuntimeDelegate.class to bundleresource://33.fwk16902902/javax/ws/rs/ext/RuntimeDelegate.class
	at javax.ws.rs.ext.RuntimeDelegate.findDelegate(RuntimeDelegate.java:146)
	at javax.ws.rs.ext.RuntimeDelegate.getInstance(RuntimeDelegate.java:120)
	at javax.ws.rs.core.MediaType.valueOf(MediaType.java:179)
	at org.glassfish.jersey.media.sse.SseFeature.<clinit>(SseFeature.java:62)
	at org.eclipse.smarthome.io.rest.sse.internal.SseActivator.start(SseActivator.java:49)
	at org.eclipse.osgi.internal.framework.BundleContextImpl$3.run(BundleContextImpl.java:779)
	at org.eclipse.osgi.internal.framework.BundleContextImpl$3.run(BundleContextImpl.java:1)
	at java.security.AccessController.doPrivileged(Native Method)
	at org.eclipse.osgi.internal.framework.BundleContextImpl.startActivator(BundleContextImpl.java:772)
	at org.eclipse.osgi.internal.framework.BundleContextImpl.start(BundleContextImpl.java:729)
	at org.eclipse.osgi.internal.framework.EquinoxBundle.startWorker0(EquinoxBundle.java:933)
	at org.eclipse.osgi.internal.framework.EquinoxBundle$EquinoxModule.startWorker(EquinoxBundle.java:309)
	at org.eclipse.osgi.container.Module.doStart(Module.java:581)
	at org.eclipse.osgi.container.Module.start(Module.java:449)
	at org.eclipse.osgi.framework.util.SecureAction.start(SecureAction.java:468)
	at org.eclipse.osgi.container.ModuleContainer.start(ModuleContainer.java:750)
	at org.eclipse.osgi.container.ModuleContainer.applyDelta(ModuleContainer.java:741)
	at org.eclipse.osgi.container.ModuleContainer.resolveAndApply(ModuleContainer.java:511)
	at org.eclipse.osgi.container.ModuleContainer.resolve(ModuleContainer.java:457)
	at org.eclipse.osgi.container.ModuleContainer.refresh(ModuleContainer.java:1001)
	at org.eclipse.osgi.container.ModuleContainer$ContainerWiring.dispatchEvent(ModuleContainer.java:1382)
	at org.eclipse.osgi.container.ModuleContainer$ContainerWiring.dispatchEvent(ModuleContainer.java:1)
	at org.eclipse.osgi.framework.eventmgr.EventManager.dispatchEvent(EventManager.java:230)
	at org.eclipse.osgi.framework.eventmgr.EventManager$EventThread.run(EventManager.java:340)

!ENTRY org.eclipse.smarthome.io.rest.sse 4 0 2019-01-26 00:37:16.424
!MESSAGE FrameworkEvent ERROR
!STACK 0
org.osgi.framework.BundleException: Exception in org.eclipse.smarthome.io.rest.sse.internal.SseActivator.start() of bundle org.eclipse.smarthome.io.rest.sse.
	at org.eclipse.osgi.internal.framework.BundleContextImpl.startActivator(BundleContextImpl.java:800)
	at org.eclipse.osgi.internal.framework.BundleContextImpl.start(BundleContextImpl.java:729)
	at org.eclipse.osgi.internal.framework.EquinoxBundle.startWorker0(EquinoxBundle.java:933)
	at org.eclipse.osgi.internal.framework.EquinoxBundle$EquinoxModule.startWorker(EquinoxBundle.java:309)
	at org.eclipse.osgi.container.Module.doStart(Module.java:581)
	at org.eclipse.osgi.container.Module.start(Module.java:449)
	at org.eclipse.osgi.framework.util.SecureAction.start(SecureAction.java:468)
	at org.eclipse.osgi.container.ModuleContainer.start(ModuleContainer.java:750)
	at org.eclipse.osgi.container.ModuleContainer.applyDelta(ModuleContainer.java:741)
	at org.eclipse.osgi.container.ModuleContainer.resolveAndApply(ModuleContainer.java:511)
	at org.eclipse.osgi.container.ModuleContainer.resolve(ModuleContainer.java:457)
	at org.eclipse.osgi.container.ModuleContainer.refresh(ModuleContainer.java:1001)
	at org.eclipse.osgi.container.ModuleContainer$ContainerWiring.dispatchEvent(ModuleContainer.java:1382)
	at org.eclipse.osgi.container.ModuleContainer$ContainerWiring.dispatchEvent(ModuleContainer.java:1)
	at org.eclipse.osgi.framework.eventmgr.EventManager.dispatchEvent(EventManager.java:230)
	at org.eclipse.osgi.framework.eventmgr.EventManager$EventThread.run(EventManager.java:340)
Caused by: java.lang.LinkageError: ClassCastException: attempting to castbundleresource://33.fwk16902902/javax/ws/rs/ext/RuntimeDelegate.class to bundleresource://33.fwk16902902/javax/ws/rs/ext/RuntimeDelegate.class
	at javax.ws.rs.ext.RuntimeDelegate.findDelegate(RuntimeDelegate.java:146)
	at javax.ws.rs.ext.RuntimeDelegate.getInstance(RuntimeDelegate.java:120)
	at javax.ws.rs.core.MediaType.valueOf(MediaType.java:179)
	at org.glassfish.jersey.media.sse.SseFeature.<clinit>(SseFeature.java:62)
	at org.eclipse.smarthome.io.rest.sse.internal.SseActivator.start(SseActivator.java:49)
	at org.eclipse.osgi.internal.framework.BundleContextImpl$3.run(BundleContextImpl.java:779)
	at org.eclipse.osgi.internal.framework.BundleContextImpl$3.run(BundleContextImpl.java:1)
	at java.security.AccessController.doPrivileged(Native Method)
	at org.eclipse.osgi.internal.framework.BundleContextImpl.startActivator(BundleContextImpl.java:772)
	... 15 more
Root exception:
java.lang.LinkageError: ClassCastException: attempting to castbundleresource://33.fwk16902902/javax/ws/rs/ext/RuntimeDelegate.class to bundleresource://33.fwk16902902/javax/ws/rs/ext/RuntimeDelegate.class
	at javax.ws.rs.ext.RuntimeDelegate.findDelegate(RuntimeDelegate.java:146)
	at javax.ws.rs.ext.RuntimeDelegate.getInstance(RuntimeDelegate.java:120)
	at javax.ws.rs.core.MediaType.valueOf(MediaType.java:179)
	at org.glassfish.jersey.media.sse.SseFeature.<clinit>(SseFeature.java:62)
	at org.eclipse.smarthome.io.rest.sse.internal.SseActivator.start(SseActivator.java:49)
	at org.eclipse.osgi.internal.framework.BundleContextImpl$3.run(BundleContextImpl.java:779)
	at org.eclipse.osgi.internal.framework.BundleContextImpl$3.run(BundleContextImpl.java:1)
	at java.security.AccessController.doPrivileged(Native Method)
	at org.eclipse.osgi.internal.framework.BundleContextImpl.startActivator(BundleContextImpl.java:772)
	at org.eclipse.osgi.internal.framework.BundleContextImpl.start(BundleContextImpl.java:729)
	at org.eclipse.osgi.internal.framework.EquinoxBundle.startWorker0(EquinoxBundle.java:933)
	at org.eclipse.osgi.internal.framework.EquinoxBundle$EquinoxModule.startWorker(EquinoxBundle.java:309)
	at org.eclipse.osgi.container.Module.doStart(Module.java:581)
	at org.eclipse.osgi.container.Module.start(Module.java:449)
	at org.eclipse.osgi.framework.util.SecureAction.start(SecureAction.java:468)
	at org.eclipse.osgi.container.ModuleContainer.start(ModuleContainer.java:750)
	at org.eclipse.osgi.container.ModuleContainer.applyDelta(ModuleContainer.java:741)
	at org.eclipse.osgi.container.ModuleContainer.resolveAndApply(ModuleContainer.java:511)
	at org.eclipse.osgi.container.ModuleContainer.resolve(ModuleContainer.java:457)
	at org.eclipse.osgi.container.ModuleContainer.refresh(ModuleContainer.java:1001)
	at org.eclipse.osgi.container.ModuleContainer$ContainerWiring.dispatchEvent(ModuleContainer.java:1382)
	at org.eclipse.osgi.container.ModuleContainer$ContainerWiring.dispatchEvent(ModuleContainer.java:1)
	at org.eclipse.osgi.framework.eventmgr.EventManager.dispatchEvent(EventManager.java:230)
	at org.eclipse.osgi.framework.eventmgr.EventManager$EventThread.run(EventManager.java:340)

!ENTRY org.eclipse.smarthome.io.rest.sse 4 0 2019-01-26 00:37:24.918
!MESSAGE FrameworkEvent ERROR
!STACK 0
org.osgi.framework.BundleException: Exception in org.eclipse.smarthome.io.rest.sse.internal.SseActivator.start() of bundle org.eclipse.smarthome.io.rest.sse.
	at org.eclipse.osgi.internal.framework.BundleContextImpl.startActivator(BundleContextImpl.java:800)
	at org.eclipse.osgi.internal.framework.BundleContextImpl.start(BundleContextImpl.java:729)
	at org.eclipse.osgi.internal.framework.EquinoxBundle.startWorker0(EquinoxBundle.java:933)
	at org.eclipse.osgi.internal.framework.EquinoxBundle$EquinoxModule.startWorker(EquinoxBundle.java:309)
	at org.eclipse.osgi.container.Module.doStart(Module.java:581)
	at org.eclipse.osgi.container.Module.start(Module.java:449)
	at org.eclipse.osgi.framework.util.SecureAction.start(SecureAction.java:468)
	at org.eclipse.osgi.container.ModuleContainer.start(ModuleContainer.java:750)
	at org.eclipse.osgi.container.ModuleContainer.applyDelta(ModuleContainer.java:741)
	at org.eclipse.osgi.container.ModuleContainer.resolveAndApply(ModuleContainer.java:511)
	at org.eclipse.osgi.container.ModuleContainer.resolve(ModuleContainer.java:457)
	at org.eclipse.osgi.container.ModuleContainer.refresh(ModuleContainer.java:1001)
	at org.eclipse.osgi.container.ModuleContainer$ContainerWiring.dispatchEvent(ModuleContainer.java:1382)
	at org.eclipse.osgi.container.ModuleContainer$ContainerWiring.dispatchEvent(ModuleContainer.java:1)
	at org.eclipse.osgi.framework.eventmgr.EventManager.dispatchEvent(EventManager.java:230)
	at org.eclipse.osgi.framework.eventmgr.EventManager$EventThread.run(EventManager.java:340)
Caused by: java.lang.LinkageError: ClassCastException: attempting to castbundleresource://33.fwk16902902/javax/ws/rs/ext/RuntimeDelegate.class to bundleresource://33.fwk16902902/javax/ws/rs/ext/RuntimeDelegate.class
	at javax.ws.rs.ext.RuntimeDelegate.findDelegate(RuntimeDelegate.java:146)
	at javax.ws.rs.ext.RuntimeDelegate.getInstance(RuntimeDelegate.java:120)
	at javax.ws.rs.core.MediaType.valueOf(MediaType.java:179)
	at org.glassfish.jersey.media.sse.SseFeature.<clinit>(SseFeature.java:62)
	at org.eclipse.smarthome.io.rest.sse.internal.SseActivator.start(SseActivator.java:49)
	at org.eclipse.osgi.internal.framework.BundleContextImpl$3.run(BundleContextImpl.java:779)
	at org.eclipse.osgi.internal.framework.BundleContextImpl$3.run(BundleContextImpl.java:1)
	at java.security.AccessController.doPrivileged(Native Method)
	at org.eclipse.osgi.internal.framework.BundleContextImpl.startActivator(BundleContextImpl.java:772)
	... 15 more
Root exception:
java.lang.LinkageError: ClassCastException: attempting to castbundleresource://33.fwk16902902/javax/ws/rs/ext/RuntimeDelegate.class to bundleresource://33.fwk16902902/javax/ws/rs/ext/RuntimeDelegate.class
	at javax.ws.rs.ext.RuntimeDelegate.findDelegate(RuntimeDelegate.java:146)
	at javax.ws.rs.ext.RuntimeDelegate.getInstance(RuntimeDelegate.java:120)
	at javax.ws.rs.core.MediaType.valueOf(MediaType.java:179)
	at org.glassfish.jersey.media.sse.SseFeature.<clinit>(SseFeature.java:62)
	at org.eclipse.smarthome.io.rest.sse.internal.SseActivator.start(SseActivator.java:49)
	at org.eclipse.osgi.internal.framework.BundleContextImpl$3.run(BundleContextImpl.java:779)
	at org.eclipse.osgi.internal.framework.BundleContextImpl$3.run(BundleContextImpl.java:1)
	at java.security.AccessController.doPrivileged(Native Method)
	at org.eclipse.osgi.internal.framework.BundleContextImpl.startActivator(BundleContextImpl.java:772)
	at org.eclipse.osgi.internal.framework.BundleContextImpl.start(BundleContextImpl.java:729)
	at org.eclipse.osgi.internal.framework.EquinoxBundle.startWorker0(EquinoxBundle.java:933)
	at org.eclipse.osgi.internal.framework.EquinoxBundle$EquinoxModule.startWorker(EquinoxBundle.java:309)
	at org.eclipse.osgi.container.Module.doStart(Module.java:581)
	at org.eclipse.osgi.container.Module.start(Module.java:449)
	at org.eclipse.osgi.framework.util.SecureAction.start(SecureAction.java:468)
	at org.eclipse.osgi.container.ModuleContainer.start(ModuleContainer.java:750)
	at org.eclipse.osgi.container.ModuleContainer.applyDelta(ModuleContainer.java:741)
	at org.eclipse.osgi.container.ModuleContainer.resolveAndApply(ModuleContainer.java:511)
	at org.eclipse.osgi.container.ModuleContainer.resolve(ModuleContainer.java:457)
	at org.eclipse.osgi.container.ModuleContainer.refresh(ModuleContainer.java:1001)
	at org.eclipse.osgi.container.ModuleContainer$ContainerWiring.dispatchEvent(ModuleContainer.java:1382)
	at org.eclipse.osgi.container.ModuleContainer$ContainerWiring.dispatchEvent(ModuleContainer.java:1)
	at org.eclipse.osgi.framework.eventmgr.EventManager.dispatchEvent(EventManager.java:230)
	at org.eclipse.osgi.framework.eventmgr.EventManager$EventThread.run(EventManager.java:340)

!ENTRY org.eclipse.smarthome.io.rest.sse 4 0 2019-01-26 00:37:32.921
!MESSAGE FrameworkEvent ERROR
!STACK 0
org.osgi.framework.BundleException: Exception in org.eclipse.smarthome.io.rest.sse.internal.SseActivator.start() of bundle org.eclipse.smarthome.io.rest.sse.
	at org.eclipse.osgi.internal.framework.BundleContextImpl.startActivator(BundleContextImpl.java:800)
	at org.eclipse.osgi.internal.framework.BundleContextImpl.start(BundleContextImpl.java:729)
	at org.eclipse.osgi.internal.framework.EquinoxBundle.startWorker0(EquinoxBundle.java:933)
	at org.eclipse.osgi.internal.framework.EquinoxBundle$EquinoxModule.startWorker(EquinoxBundle.java:309)
	at org.eclipse.osgi.container.Module.doStart(Module.java:581)
	at org.eclipse.osgi.container.Module.start(Module.java:449)
	at org.eclipse.osgi.framework.util.SecureAction.start(SecureAction.java:468)
	at org.eclipse.osgi.container.ModuleContainer.start(ModuleContainer.java:750)
	at org.eclipse.osgi.container.ModuleContainer.applyDelta(ModuleContainer.java:741)
	at org.eclipse.osgi.container.ModuleContainer.resolveAndApply(ModuleContainer.java:511)
	at org.eclipse.osgi.container.ModuleContainer.resolve(ModuleContainer.java:457)
	at org.eclipse.osgi.container.ModuleContainer.refresh(ModuleContainer.java:1001)
	at org.eclipse.osgi.container.ModuleContainer$ContainerWiring.dispatchEvent(ModuleContainer.java:1382)
	at org.eclipse.osgi.container.ModuleContainer$ContainerWiring.dispatchEvent(ModuleContainer.java:1)
	at org.eclipse.osgi.framework.eventmgr.EventManager.dispatchEvent(EventManager.java:230)
	at org.eclipse.osgi.framework.eventmgr.EventManager$EventThread.run(EventManager.java:340)
Caused by: java.lang.LinkageError: ClassCastException: attempting to castbundleresource://33.fwk16902902/javax/ws/rs/ext/RuntimeDelegate.class to bundleresource://33.fwk16902902/javax/ws/rs/ext/RuntimeDelegate.class
	at javax.ws.rs.ext.RuntimeDelegate.findDelegate(RuntimeDelegate.java:146)
	at javax.ws.rs.ext.RuntimeDelegate.getInstance(RuntimeDelegate.java:120)
	at javax.ws.rs.core.MediaType.valueOf(MediaType.java:179)
	at org.glassfish.jersey.media.sse.SseFeature.<clinit>(SseFeature.java:62)
	at org.eclipse.smarthome.io.rest.sse.internal.SseActivator.start(SseActivator.java:49)
	at org.eclipse.osgi.internal.framework.BundleContextImpl$3.run(BundleContextImpl.java:779)
	at org.eclipse.osgi.internal.framework.BundleContextImpl$3.run(BundleContextImpl.java:1)
	at java.security.AccessController.doPrivileged(Native Method)
	at org.eclipse.osgi.internal.framework.BundleContextImpl.startActivator(BundleContextImpl.java:772)
	... 15 more
Root exception:
java.lang.LinkageError: ClassCastException: attempting to castbundleresource://33.fwk16902902/javax/ws/rs/ext/RuntimeDelegate.class to bundleresource://33.fwk16902902/javax/ws/rs/ext/RuntimeDelegate.class
	at javax.ws.rs.ext.RuntimeDelegate.findDelegate(RuntimeDelegate.java:146)
	at javax.ws.rs.ext.RuntimeDelegate.getInstance(RuntimeDelegate.java:120)
	at javax.ws.rs.core.MediaType.valueOf(MediaType.java:179)
	at org.glassfish.jersey.media.sse.SseFeature.<clinit>(SseFeature.java:62)
	at org.eclipse.smarthome.io.rest.sse.internal.SseActivator.start(SseActivator.java:49)
	at org.eclipse.osgi.internal.framework.BundleContextImpl$3.run(BundleContextImpl.java:779)
	at org.eclipse.osgi.internal.framework.BundleContextImpl$3.run(BundleContextImpl.java:1)
	at java.security.AccessController.doPrivileged(Native Method)
	at org.eclipse.osgi.internal.framework.BundleContextImpl.startActivator(BundleContextImpl.java:772)
	at org.eclipse.osgi.internal.framework.BundleContextImpl.start(BundleContextImpl.java:729)
	at org.eclipse.osgi.internal.framework.EquinoxBundle.startWorker0(EquinoxBundle.java:933)
	at org.eclipse.osgi.internal.framework.EquinoxBundle$EquinoxModule.startWorker(EquinoxBundle.java:309)
	at org.eclipse.osgi.container.Module.doStart(Module.java:581)
	at org.eclipse.osgi.container.Module.start(Module.java:449)
	at org.eclipse.osgi.framework.util.SecureAction.start(SecureAction.java:468)
	at org.eclipse.osgi.container.ModuleContainer.start(ModuleContainer.java:750)
	at org.eclipse.osgi.container.ModuleContainer.applyDelta(ModuleContainer.java:741)
	at org.eclipse.osgi.container.ModuleContainer.resolveAndApply(ModuleContainer.java:511)
	at org.eclipse.osgi.container.ModuleContainer.resolve(ModuleContainer.java:457)
	at org.eclipse.osgi.container.ModuleContainer.refresh(ModuleContainer.java:1001)
	at org.eclipse.osgi.container.ModuleContainer$ContainerWiring.dispatchEvent(ModuleContainer.java:1382)
	at org.eclipse.osgi.container.ModuleContainer$ContainerWiring.dispatchEvent(ModuleContainer.java:1)
	at org.eclipse.osgi.framework.eventmgr.EventManager.dispatchEvent(EventManager.java:230)
	at org.eclipse.osgi.framework.eventmgr.EventManager$EventThread.run(EventManager.java:340)

!ENTRY org.eclipse.smarthome.io.rest.sse 4 0 2019-01-26 00:38:16.256
!MESSAGE FrameworkEvent ERROR
!STACK 0
org.osgi.framework.BundleException: Exception in org.eclipse.smarthome.io.rest.sse.internal.SseActivator.start() of bundle org.eclipse.smarthome.io.rest.sse.
	at org.eclipse.osgi.internal.framework.BundleContextImpl.startActivator(BundleContextImpl.java:800)
	at org.eclipse.osgi.internal.framework.BundleContextImpl.start(BundleContextImpl.java:729)
	at org.eclipse.osgi.internal.framework.EquinoxBundle.startWorker0(EquinoxBundle.java:933)
	at org.eclipse.osgi.internal.framework.EquinoxBundle$EquinoxModule.startWorker(EquinoxBundle.java:309)
	at org.eclipse.osgi.container.Module.doStart(Module.java:581)
	at org.eclipse.osgi.container.Module.start(Module.java:449)
	at org.eclipse.osgi.framework.util.SecureAction.start(SecureAction.java:468)
	at org.eclipse.osgi.container.ModuleContainer.start(ModuleContainer.java:750)
	at org.eclipse.osgi.container.ModuleContainer.applyDelta(ModuleContainer.java:741)
	at org.eclipse.osgi.container.ModuleContainer.resolveAndApply(ModuleContainer.java:511)
	at org.eclipse.osgi.container.ModuleContainer.resolve(ModuleContainer.java:457)
	at org.eclipse.osgi.container.ModuleContainer.refresh(ModuleContainer.java:1001)
	at org.eclipse.osgi.container.ModuleContainer$ContainerWiring.dispatchEvent(ModuleContainer.java:1382)
	at org.eclipse.osgi.container.ModuleContainer$ContainerWiring.dispatchEvent(ModuleContainer.java:1)
	at org.eclipse.osgi.framework.eventmgr.EventManager.dispatchEvent(EventManager.java:230)
	at org.eclipse.osgi.framework.eventmgr.EventManager$EventThread.run(EventManager.java:340)
Caused by: java.lang.LinkageError: ClassCastException: attempting to castbundleresource://33.fwk16902902/javax/ws/rs/ext/RuntimeDelegate.class to bundleresource://33.fwk16902902/javax/ws/rs/ext/RuntimeDelegate.class
	at javax.ws.rs.ext.RuntimeDelegate.findDelegate(RuntimeDelegate.java:146)
	at javax.ws.rs.ext.RuntimeDelegate.getInstance(RuntimeDelegate.java:120)
	at javax.ws.rs.core.MediaType.valueOf(MediaType.java:179)
	at org.glassfish.jersey.media.sse.SseFeature.<clinit>(SseFeature.java:62)
	at org.eclipse.smarthome.io.rest.sse.internal.SseActivator.start(SseActivator.java:49)
	at org.eclipse.osgi.internal.framework.BundleContextImpl$3.run(BundleContextImpl.java:779)
	at org.eclipse.osgi.internal.framework.BundleContextImpl$3.run(BundleContextImpl.java:1)
	at java.security.AccessController.doPrivileged(Native Method)
	at org.eclipse.osgi.internal.framework.BundleContextImpl.startActivator(BundleContextImpl.java:772)
	... 15 more
Root exception:
java.lang.LinkageError: ClassCastException: attempting to castbundleresource://33.fwk16902902/javax/ws/rs/ext/RuntimeDelegate.class to bundleresource://33.fwk16902902/javax/ws/rs/ext/RuntimeDelegate.class
	at javax.ws.rs.ext.RuntimeDelegate.findDelegate(RuntimeDelegate.java:146)
	at javax.ws.rs.ext.RuntimeDelegate.getInstance(RuntimeDelegate.java:120)
	at javax.ws.rs.core.MediaType.valueOf(MediaType.java:179)
	at org.glassfish.jersey.media.sse.SseFeature.<clinit>(SseFeature.java:62)
	at org.eclipse.smarthome.io.rest.sse.internal.SseActivator.start(SseActivator.java:49)
	at org.eclipse.osgi.internal.framework.BundleContextImpl$3.run(BundleContextImpl.java:779)
	at org.eclipse.osgi.internal.framework.BundleContextImpl$3.run(BundleContextImpl.java:1)
	at java.security.AccessController.doPrivileged(Native Method)
	at org.eclipse.osgi.internal.framework.BundleContextImpl.startActivator(BundleContextImpl.java:772)
	at org.eclipse.osgi.internal.framework.BundleContextImpl.start(BundleContextImpl.java:729)
	at org.eclipse.osgi.internal.framework.EquinoxBundle.startWorker0(EquinoxBundle.java:933)
	at org.eclipse.osgi.internal.framework.EquinoxBundle$EquinoxModule.startWorker(EquinoxBundle.java:309)
	at org.eclipse.osgi.container.Module.doStart(Module.java:581)
	at org.eclipse.osgi.container.Module.start(Module.java:449)
	at org.eclipse.osgi.framework.util.SecureAction.start(SecureAction.java:468)
	at org.eclipse.osgi.container.ModuleContainer.start(ModuleContainer.java:750)
	at org.eclipse.osgi.container.ModuleContainer.applyDelta(ModuleContainer.java:741)
	at org.eclipse.osgi.container.ModuleContainer.resolveAndApply(ModuleContainer.java:511)
	at org.eclipse.osgi.container.ModuleContainer.resolve(ModuleContainer.java:457)
	at org.eclipse.osgi.container.ModuleContainer.refresh(ModuleContainer.java:1001)
	at org.eclipse.osgi.container.ModuleContainer$ContainerWiring.dispatchEvent(ModuleContainer.java:1382)
	at org.eclipse.osgi.container.ModuleContainer$ContainerWiring.dispatchEvent(ModuleContainer.java:1)
	at org.eclipse.osgi.framework.eventmgr.EventManager.dispatchEvent(EventManager.java:230)
	at org.eclipse.osgi.framework.eventmgr.EventManager$EventThread.run(EventManager.java:340)

!ENTRY org.eclipse.smarthome.io.rest.sse 4 0 2019-01-26 00:39:15.230
!MESSAGE FrameworkEvent ERROR
!STACK 0
org.osgi.framework.BundleException: Exception in org.eclipse.smarthome.io.rest.sse.internal.SseActivator.start() of bundle org.eclipse.smarthome.io.rest.sse.
	at org.eclipse.osgi.internal.framework.BundleContextImpl.startActivator(BundleContextImpl.java:800)
	at org.eclipse.osgi.internal.framework.BundleContextImpl.start(BundleContextImpl.java:729)
	at org.eclipse.osgi.internal.framework.EquinoxBundle.startWorker0(EquinoxBundle.java:933)
	at org.eclipse.osgi.internal.framework.EquinoxBundle$EquinoxModule.startWorker(EquinoxBundle.java:309)
	at org.eclipse.osgi.container.Module.doStart(Module.java:581)
	at org.eclipse.osgi.container.Module.start(Module.java:449)
	at org.eclipse.osgi.framework.util.SecureAction.start(SecureAction.java:468)
	at org.eclipse.osgi.container.ModuleContainer.start(ModuleContainer.java:750)
	at org.eclipse.osgi.container.ModuleContainer.applyDelta(ModuleContainer.java:741)
	at org.eclipse.osgi.container.ModuleContainer.resolveAndApply(ModuleContainer.java:511)
	at org.eclipse.osgi.container.ModuleContainer.resolve(ModuleContainer.java:457)
	at org.eclipse.osgi.container.ModuleContainer.refresh(ModuleContainer.java:1001)
	at org.eclipse.osgi.container.ModuleContainer$ContainerWiring.dispatchEvent(ModuleContainer.java:1382)
	at org.eclipse.osgi.container.ModuleContainer$ContainerWiring.dispatchEvent(ModuleContainer.java:1)
	at org.eclipse.osgi.framework.eventmgr.EventManager.dispatchEvent(EventManager.java:230)
	at org.eclipse.osgi.framework.eventmgr.EventManager$EventThread.run(EventManager.java:340)
Caused by: java.lang.LinkageError: ClassCastException: attempting to castbundleresource://33.fwk16902902/javax/ws/rs/ext/RuntimeDelegate.class to bundleresource://33.fwk16902902/javax/ws/rs/ext/RuntimeDelegate.class
	at javax.ws.rs.ext.RuntimeDelegate.findDelegate(RuntimeDelegate.java:146)
	at javax.ws.rs.ext.RuntimeDelegate.getInstance(RuntimeDelegate.java:120)
	at javax.ws.rs.core.MediaType.valueOf(MediaType.java:179)
	at org.glassfish.jersey.media.sse.SseFeature.<clinit>(SseFeature.java:62)
	at org.eclipse.smarthome.io.rest.sse.internal.SseActivator.start(SseActivator.java:49)
	at org.eclipse.osgi.internal.framework.BundleContextImpl$3.run(BundleContextImpl.java:779)
	at org.eclipse.osgi.internal.framework.BundleContextImpl$3.run(BundleContextImpl.java:1)
	at java.security.AccessController.doPrivileged(Native Method)
	at org.eclipse.osgi.internal.framework.BundleContextImpl.startActivator(BundleContextImpl.java:772)
	... 15 more
Root exception:
java.lang.LinkageError: ClassCastException: attempting to castbundleresource://33.fwk16902902/javax/ws/rs/ext/RuntimeDelegate.class to bundleresource://33.fwk16902902/javax/ws/rs/ext/RuntimeDelegate.class
	at javax.ws.rs.ext.RuntimeDelegate.findDelegate(RuntimeDelegate.java:146)
	at javax.ws.rs.ext.RuntimeDelegate.getInstance(RuntimeDelegate.java:120)
	at javax.ws.rs.core.MediaType.valueOf(MediaType.java:179)
	at org.glassfish.jersey.media.sse.SseFeature.<clinit>(SseFeature.java:62)
	at org.eclipse.smarthome.io.rest.sse.internal.SseActivator.start(SseActivator.java:49)
	at org.eclipse.osgi.internal.framework.BundleContextImpl$3.run(BundleContextImpl.java:779)
	at org.eclipse.osgi.internal.framework.BundleContextImpl$3.run(BundleContextImpl.java:1)
	at java.security.AccessController.doPrivileged(Native Method)
	at org.eclipse.osgi.internal.framework.BundleContextImpl.startActivator(BundleContextImpl.java:772)
	at org.eclipse.osgi.internal.framework.BundleContextImpl.start(BundleContextImpl.java:729)
	at org.eclipse.osgi.internal.framework.EquinoxBundle.startWorker0(EquinoxBundle.java:933)
	at org.eclipse.osgi.internal.framework.EquinoxBundle$EquinoxModule.startWorker(EquinoxBundle.java:309)
	at org.eclipse.osgi.container.Module.doStart(Module.java:581)
	at org.eclipse.osgi.container.Module.start(Module.java:449)
	at org.eclipse.osgi.framework.util.SecureAction.start(SecureAction.java:468)
	at org.eclipse.osgi.container.ModuleContainer.start(ModuleContainer.java:750)
	at org.eclipse.osgi.container.ModuleContainer.applyDelta(ModuleContainer.java:741)
	at org.eclipse.osgi.container.ModuleContainer.resolveAndApply(ModuleContainer.java:511)
	at org.eclipse.osgi.container.ModuleContainer.resolve(ModuleContainer.java:457)
	at org.eclipse.osgi.container.ModuleContainer.refresh(ModuleContainer.java:1001)
	at org.eclipse.osgi.container.ModuleContainer$ContainerWiring.dispatchEvent(ModuleContainer.java:1382)
	at org.eclipse.osgi.container.ModuleContainer$ContainerWiring.dispatchEvent(ModuleContainer.java:1)
	at org.eclipse.osgi.framework.eventmgr.EventManager.dispatchEvent(EventManager.java:230)
	at org.eclipse.osgi.framework.eventmgr.EventManager$EventThread.run(EventManager.java:340)

!ENTRY org.eclipse.smarthome.io.rest.sse 4 0 2019-01-26 00:40:15.711
!MESSAGE FrameworkEvent ERROR
!STACK 0
org.osgi.framework.BundleException: Exception in org.eclipse.smarthome.io.rest.sse.internal.SseActivator.start() of bundle org.eclipse.smarthome.io.rest.sse.
	at org.eclipse.osgi.internal.framework.BundleContextImpl.startActivator(BundleContextImpl.java:800)
	at org.eclipse.osgi.internal.framework.BundleContextImpl.start(BundleContextImpl.java:729)
	at org.eclipse.osgi.internal.framework.EquinoxBundle.startWorker0(EquinoxBundle.java:933)
	at org.eclipse.osgi.internal.framework.EquinoxBundle$EquinoxModule.startWorker(EquinoxBundle.java:309)
	at org.eclipse.osgi.container.Module.doStart(Module.java:581)
	at org.eclipse.osgi.container.Module.start(Module.java:449)
	at org.eclipse.osgi.framework.util.SecureAction.start(SecureAction.java:468)
	at org.eclipse.osgi.container.ModuleContainer.start(ModuleContainer.java:750)
	at org.eclipse.osgi.container.ModuleContainer.applyDelta(ModuleContainer.java:741)
	at org.eclipse.osgi.container.ModuleContainer.resolveAndApply(ModuleContainer.java:511)
	at org.eclipse.osgi.container.ModuleContainer.resolve(ModuleContainer.java:457)
	at org.eclipse.osgi.container.ModuleContainer.refresh(ModuleContainer.java:1001)
	at org.eclipse.osgi.container.ModuleContainer$ContainerWiring.dispatchEvent(ModuleContainer.java:1382)
	at org.eclipse.osgi.container.ModuleContainer$ContainerWiring.dispatchEvent(ModuleContainer.java:1)
	at org.eclipse.osgi.framework.eventmgr.EventManager.dispatchEvent(EventManager.java:230)
	at org.eclipse.osgi.framework.eventmgr.EventManager$EventThread.run(EventManager.java:340)
Caused by: java.lang.LinkageError: ClassCastException: attempting to castbundleresource://33.fwk16902902/javax/ws/rs/ext/RuntimeDelegate.class to bundleresource://33.fwk16902902/javax/ws/rs/ext/RuntimeDelegate.class
	at javax.ws.rs.ext.RuntimeDelegate.findDelegate(RuntimeDelegate.java:146)
	at javax.ws.rs.ext.RuntimeDelegate.getInstance(RuntimeDelegate.java:120)
	at javax.ws.rs.core.MediaType.valueOf(MediaType.java:179)
	at org.glassfish.jersey.media.sse.SseFeature.<clinit>(SseFeature.java:62)
	at org.eclipse.smarthome.io.rest.sse.internal.SseActivator.start(SseActivator.java:49)
	at org.eclipse.osgi.internal.framework.BundleContextImpl$3.run(BundleContextImpl.java:779)
	at org.eclipse.osgi.internal.framework.BundleContextImpl$3.run(BundleContextImpl.java:1)
	at java.security.AccessController.doPrivileged(Native Method)
	at org.eclipse.osgi.internal.framework.BundleContextImpl.startActivator(BundleContextImpl.java:772)
	... 15 more
Root exception:
java.lang.LinkageError: ClassCastException: attempting to castbundleresource://33.fwk16902902/javax/ws/rs/ext/RuntimeDelegate.class to bundleresource://33.fwk16902902/javax/ws/rs/ext/RuntimeDelegate.class
	at javax.ws.rs.ext.RuntimeDelegate.findDelegate(RuntimeDelegate.java:146)
	at javax.ws.rs.ext.RuntimeDelegate.getInstance(RuntimeDelegate.java:120)
	at javax.ws.rs.core.MediaType.valueOf(MediaType.java:179)
	at org.glassfish.jersey.media.sse.SseFeature.<clinit>(SseFeature.java:62)
	at org.eclipse.smarthome.io.rest.sse.internal.SseActivator.start(SseActivator.java:49)
	at org.eclipse.osgi.internal.framework.BundleContextImpl$3.run(BundleContextImpl.java:779)
	at org.eclipse.osgi.internal.framework.BundleContextImpl$3.run(BundleContextImpl.java:1)
	at java.security.AccessController.doPrivileged(Native Method)
	at org.eclipse.osgi.internal.framework.BundleContextImpl.startActivator(BundleContextImpl.java:772)
	at org.eclipse.osgi.internal.framework.BundleContextImpl.start(BundleContextImpl.java:729)
	at org.eclipse.osgi.internal.framework.EquinoxBundle.startWorker0(EquinoxBundle.java:933)
	at org.eclipse.osgi.internal.framework.EquinoxBundle$EquinoxModule.startWorker(EquinoxBundle.java:309)
	at org.eclipse.osgi.container.Module.doStart(Module.java:581)
	at org.eclipse.osgi.container.Module.start(Module.java:449)
	at org.eclipse.osgi.framework.util.SecureAction.start(SecureAction.java:468)
	at org.eclipse.osgi.container.ModuleContainer.start(ModuleContainer.java:750)
	at org.eclipse.osgi.container.ModuleContainer.applyDelta(ModuleContainer.java:741)
	at org.eclipse.osgi.container.ModuleContainer.resolveAndApply(ModuleContainer.java:511)
	at org.eclipse.osgi.container.ModuleContainer.resolve(ModuleContainer.java:457)
	at org.eclipse.osgi.container.ModuleContainer.refresh(ModuleContainer.java:1001)
	at org.eclipse.osgi.container.ModuleContainer$ContainerWiring.dispatchEvent(ModuleContainer.java:1382)
	at org.eclipse.osgi.container.ModuleContainer$ContainerWiring.dispatchEvent(ModuleContainer.java:1)
	at org.eclipse.osgi.framework.eventmgr.EventManager.dispatchEvent(EventManager.java:230)
	at org.eclipse.osgi.framework.eventmgr.EventManager$EventThread.run(EventManager.java:340)

!ENTRY org.eclipse.smarthome.io.rest.sse 4 0 2019-01-26 00:41:15.461
!MESSAGE FrameworkEvent ERROR
!STACK 0
org.osgi.framework.BundleException: Exception in org.eclipse.smarthome.io.rest.sse.internal.SseActivator.start() of bundle org.eclipse.smarthome.io.rest.sse.
	at org.eclipse.osgi.internal.framework.BundleContextImpl.startActivator(BundleContextImpl.java:800)
	at org.eclipse.osgi.internal.framework.BundleContextImpl.start(BundleContextImpl.java:729)
	at org.eclipse.osgi.internal.framework.EquinoxBundle.startWorker0(EquinoxBundle.java:933)
	at org.eclipse.osgi.internal.framework.EquinoxBundle$EquinoxModule.startWorker(EquinoxBundle.java:309)
	at org.eclipse.osgi.container.Module.doStart(Module.java:581)
	at org.eclipse.osgi.container.Module.start(Module.java:449)
	at org.eclipse.osgi.framework.util.SecureAction.start(SecureAction.java:468)
	at org.eclipse.osgi.container.ModuleContainer.start(ModuleContainer.java:750)
	at org.eclipse.osgi.container.ModuleContainer.applyDelta(ModuleContainer.java:741)
	at org.eclipse.osgi.container.ModuleContainer.resolveAndApply(ModuleContainer.java:511)
	at org.eclipse.osgi.container.ModuleContainer.resolve(ModuleContainer.java:457)
	at org.eclipse.osgi.container.ModuleContainer.refresh(ModuleContainer.java:1001)
	at org.eclipse.osgi.container.ModuleContainer$ContainerWiring.dispatchEvent(ModuleContainer.java:1382)
	at org.eclipse.osgi.container.ModuleContainer$ContainerWiring.dispatchEvent(ModuleContainer.java:1)
	at org.eclipse.osgi.framework.eventmgr.EventManager.dispatchEvent(EventManager.java:230)
	at org.eclipse.osgi.framework.eventmgr.EventManager$EventThread.run(EventManager.java:340)
Caused by: java.lang.LinkageError: ClassCastException: attempting to castbundleresource://33.fwk16902902/javax/ws/rs/ext/RuntimeDelegate.class to bundleresource://33.fwk16902902/javax/ws/rs/ext/RuntimeDelegate.class
	at javax.ws.rs.ext.RuntimeDelegate.findDelegate(RuntimeDelegate.java:146)
	at javax.ws.rs.ext.RuntimeDelegate.getInstance(RuntimeDelegate.java:120)
	at javax.ws.rs.core.MediaType.valueOf(MediaType.java:179)
	at org.glassfish.jersey.media.sse.SseFeature.<clinit>(SseFeature.java:62)
	at org.eclipse.smarthome.io.rest.sse.internal.SseActivator.start(SseActivator.java:49)
	at org.eclipse.osgi.internal.framework.BundleContextImpl$3.run(BundleContextImpl.java:779)
	at org.eclipse.osgi.internal.framework.BundleContextImpl$3.run(BundleContextImpl.java:1)
	at java.security.AccessController.doPrivileged(Native Method)
	at org.eclipse.osgi.internal.framework.BundleContextImpl.startActivator(BundleContextImpl.java:772)
	... 15 more
Root exception:
java.lang.LinkageError: ClassCastException: attempting to castbundleresource://33.fwk16902902/javax/ws/rs/ext/RuntimeDelegate.class to bundleresource://33.fwk16902902/javax/ws/rs/ext/RuntimeDelegate.class
	at javax.ws.rs.ext.RuntimeDelegate.findDelegate(RuntimeDelegate.java:146)
	at javax.ws.rs.ext.RuntimeDelegate.getInstance(RuntimeDelegate.java:120)
	at javax.ws.rs.core.MediaType.valueOf(MediaType.java:179)
	at org.glassfish.jersey.media.sse.SseFeature.<clinit>(SseFeature.java:62)
	at org.eclipse.smarthome.io.rest.sse.internal.SseActivator.start(SseActivator.java:49)
	at org.eclipse.osgi.internal.framework.BundleContextImpl$3.run(BundleContextImpl.java:779)
	at org.eclipse.osgi.internal.framework.BundleContextImpl$3.run(BundleContextImpl.java:1)
	at java.security.AccessController.doPrivileged(Native Method)
	at org.eclipse.osgi.internal.framework.BundleContextImpl.startActivator(BundleContextImpl.java:772)
	at org.eclipse.osgi.internal.framework.BundleContextImpl.start(BundleContextImpl.java:729)
	at org.eclipse.osgi.internal.framework.EquinoxBundle.startWorker0(EquinoxBundle.java:933)
	at org.eclipse.osgi.internal.framework.EquinoxBundle$EquinoxModule.startWorker(EquinoxBundle.java:309)
	at org.eclipse.osgi.container.Module.doStart(Module.java:581)
	at org.eclipse.osgi.container.Module.start(Module.java:449)
	at org.eclipse.osgi.framework.util.SecureAction.start(SecureAction.java:468)
	at org.eclipse.osgi.container.ModuleContainer.start(ModuleContainer.java:750)
	at org.eclipse.osgi.container.ModuleContainer.applyDelta(ModuleContainer.java:741)
	at org.eclipse.osgi.container.ModuleContainer.resolveAndApply(ModuleContainer.java:511)
	at org.eclipse.osgi.container.ModuleContainer.resolve(ModuleContainer.java:457)
	at org.eclipse.osgi.container.ModuleContainer.refresh(ModuleContainer.java:1001)
	at org.eclipse.osgi.container.ModuleContainer$ContainerWiring.dispatchEvent(ModuleContainer.java:1382)
	at org.eclipse.osgi.container.ModuleContainer$ContainerWiring.dispatchEvent(ModuleContainer.java:1)
	at org.eclipse.osgi.framework.eventmgr.EventManager.dispatchEvent(EventManager.java:230)
	at org.eclipse.osgi.framework.eventmgr.EventManager$EventThread.run(EventManager.java:340)

!ENTRY org.eclipse.smarthome.io.rest.sse 4 0 2019-01-26 00:41:35.727
!MESSAGE FrameworkEvent ERROR
!STACK 0
org.osgi.framework.BundleException: Exception in org.eclipse.smarthome.io.rest.sse.internal.SseActivator.start() of bundle org.eclipse.smarthome.io.rest.sse.
	at org.eclipse.osgi.internal.framework.BundleContextImpl.startActivator(BundleContextImpl.java:800)
	at org.eclipse.osgi.internal.framework.BundleContextImpl.start(BundleContextImpl.java:729)
	at org.eclipse.osgi.internal.framework.EquinoxBundle.startWorker0(EquinoxBundle.java:933)
	at org.eclipse.osgi.internal.framework.EquinoxBundle$EquinoxModule.startWorker(EquinoxBundle.java:309)
	at org.eclipse.osgi.container.Module.doStart(Module.java:581)
	at org.eclipse.osgi.container.Module.start(Module.java:449)
	at org.eclipse.osgi.framework.util.SecureAction.start(SecureAction.java:468)
	at org.eclipse.osgi.container.ModuleContainer.start(ModuleContainer.java:750)
	at org.eclipse.osgi.container.ModuleContainer.applyDelta(ModuleContainer.java:741)
	at org.eclipse.osgi.container.ModuleContainer.resolveAndApply(ModuleContainer.java:511)
	at org.eclipse.osgi.container.ModuleContainer.resolve(ModuleContainer.java:457)
	at org.eclipse.osgi.container.ModuleContainer.refresh(ModuleContainer.java:1001)
	at org.eclipse.osgi.container.ModuleContainer$ContainerWiring.dispatchEvent(ModuleContainer.java:1382)
	at org.eclipse.osgi.container.ModuleContainer$ContainerWiring.dispatchEvent(ModuleContainer.java:1)
	at org.eclipse.osgi.framework.eventmgr.EventManager.dispatchEvent(EventManager.java:230)
	at org.eclipse.osgi.framework.eventmgr.EventManager$EventThread.run(EventManager.java:340)
Caused by: java.lang.LinkageError: ClassCastException: attempting to castbundleresource://33.fwk16902902/javax/ws/rs/ext/RuntimeDelegate.class to bundleresource://33.fwk16902902/javax/ws/rs/ext/RuntimeDelegate.class
	at javax.ws.rs.ext.RuntimeDelegate.findDelegate(RuntimeDelegate.java:146)
	at javax.ws.rs.ext.RuntimeDelegate.getInstance(RuntimeDelegate.java:120)
	at javax.ws.rs.core.MediaType.valueOf(MediaType.java:179)
	at org.glassfish.jersey.media.sse.SseFeature.<clinit>(SseFeature.java:62)
	at org.eclipse.smarthome.io.rest.sse.internal.SseActivator.start(SseActivator.java:49)
	at org.eclipse.osgi.internal.framework.BundleContextImpl$3.run(BundleContextImpl.java:779)
	at org.eclipse.osgi.internal.framework.BundleContextImpl$3.run(BundleContextImpl.java:1)
	at java.security.AccessController.doPrivileged(Native Method)
	at org.eclipse.osgi.internal.framework.BundleContextImpl.startActivator(BundleContextImpl.java:772)
	... 15 more
Root exception:
java.lang.LinkageError: ClassCastException: attempting to castbundleresource://33.fwk16902902/javax/ws/rs/ext/RuntimeDelegate.class to bundleresource://33.fwk16902902/javax/ws/rs/ext/RuntimeDelegate.class
	at javax.ws.rs.ext.RuntimeDelegate.findDelegate(RuntimeDelegate.java:146)
	at javax.ws.rs.ext.RuntimeDelegate.getInstance(RuntimeDelegate.java:120)
	at javax.ws.rs.core.MediaType.valueOf(MediaType.java:179)
	at org.glassfish.jersey.media.sse.SseFeature.<clinit>(SseFeature.java:62)
	at org.eclipse.smarthome.io.rest.sse.internal.SseActivator.start(SseActivator.java:49)
	at org.eclipse.osgi.internal.framework.BundleContextImpl$3.run(BundleContextImpl.java:779)
	at org.eclipse.osgi.internal.framework.BundleContextImpl$3.run(BundleContextImpl.java:1)
	at java.security.AccessController.doPrivileged(Native Method)
	at org.eclipse.osgi.internal.framework.BundleContextImpl.startActivator(BundleContextImpl.java:772)
	at org.eclipse.osgi.internal.framework.BundleContextImpl.start(BundleContextImpl.java:729)
	at org.eclipse.osgi.internal.framework.EquinoxBundle.startWorker0(EquinoxBundle.java:933)
	at org.eclipse.osgi.internal.framework.EquinoxBundle$EquinoxModule.startWorker(EquinoxBundle.java:309)
	at org.eclipse.osgi.container.Module.doStart(Module.java:581)
	at org.eclipse.osgi.container.Module.start(Module.java:449)
	at org.eclipse.osgi.framework.util.SecureAction.start(SecureAction.java:468)
	at org.eclipse.osgi.container.ModuleContainer.start(ModuleContainer.java:750)
	at org.eclipse.osgi.container.ModuleContainer.applyDelta(ModuleContainer.java:741)
	at org.eclipse.osgi.container.ModuleContainer.resolveAndApply(ModuleContainer.java:511)
	at org.eclipse.osgi.container.ModuleContainer.resolve(ModuleContainer.java:457)
	at org.eclipse.osgi.container.ModuleContainer.refresh(ModuleContainer.java:1001)
	at org.eclipse.osgi.container.ModuleContainer$ContainerWiring.dispatchEvent(ModuleContainer.java:1382)
	at org.eclipse.osgi.container.ModuleContainer$ContainerWiring.dispatchEvent(ModuleContainer.java:1)
	at org.eclipse.osgi.framework.eventmgr.EventManager.dispatchEvent(EventManager.java:230)
	at org.eclipse.osgi.framework.eventmgr.EventManager$EventThread.run(EventManager.java:340)
